--------------- Build Started: 08/05/2018 22:17:44 Project: pulseDet_2, Configuration: ARM GCC 5.4-2016-q2-update Debug ---------------
cydsfit.exe -.appdatapath "C:\Users\lucas\AppData\Local\Cypress Semiconductor\PSoC Creator\4.2" -.fdsnotice -.fdswarpdepfile=warp_dependencies.txt -.fdselabdepfile=elab_dependencies.txt -.fdsbldfile=generated_files.txt -.fdsreffile=referenced_files.txt -p "C:\Users\lucas\Google Drive (lucas.s10@aluno.ifsc.edu.br)\ifsc\bolsa\pulseDet\PSOC_pulseMatchDetector\Psoc_project\pulseDet_2.cydsn\pulseDet_2.cyprj" -d CY8C5888LTI-LP097 -s "C:\Users\lucas\Google Drive (lucas.s10@aluno.ifsc.edu.br)\ifsc\bolsa\pulseDet\PSOC_pulseMatchDetector\Psoc_project\pulseDet_2.cydsn\Generated_Source\PSoC5" -- -yv2 -q10 -ygs -o2 -v3 -.fftcfgtype=LE
Elaborating Design...
HDL Generation...
Synthesis...
Tech Mapping...
Analog Placement...
Analog Routing...
Analog Code Generation...
Digital Placement...
Digital Routing...
Bitstream Generation...
Bitstream Verification...
Static timing analysis...
Warning: sta.M0021: pulseDet_2_timing.html: Warning-1350: Asynchronous path(s) exist from "CyBUS_CLK" to "inputPin_A_1(0)_PAD". See the timing report for details. (File=C:\Users\lucas\Google Drive (lucas.s10@aluno.ifsc.edu.br)\ifsc\bolsa\pulseDet\PSOC_pulseMatchDetector\Psoc_project\pulseDet_2.cydsn\pulseDet_2_timing.html)
Warning: sta.M0021: pulseDet_2_timing.html: Warning-1350: Asynchronous path(s) exist from "inputPin_A_1(0)_PAD" to "Clock_2". See the timing report for details. (File=C:\Users\lucas\Google Drive (lucas.s10@aluno.ifsc.edu.br)\ifsc\bolsa\pulseDet\PSOC_pulseMatchDetector\Psoc_project\pulseDet_2.cydsn\pulseDet_2_timing.html)
Warning: sta.M0021: pulseDet_2_timing.html: Warning-1350: Asynchronous path(s) exist from "\EdgeDetect_1:last\/q" to "inputPin_A_1(0)_PAD". See the timing report for details. (File=C:\Users\lucas\Google Drive (lucas.s10@aluno.ifsc.edu.br)\ifsc\bolsa\pulseDet\PSOC_pulseMatchDetector\Psoc_project\pulseDet_2.cydsn\pulseDet_2_timing.html)
Warning: sta.M0021: pulseDet_2_timing.html: Warning-1350: Asynchronous path(s) exist from "inputPin_A_1(0)_PAD" to "\EdgeDetect_1:last\/q". See the timing report for details. (File=C:\Users\lucas\Google Drive (lucas.s10@aluno.ifsc.edu.br)\ifsc\bolsa\pulseDet\PSOC_pulseMatchDetector\Psoc_project\pulseDet_2.cydsn\pulseDet_2_timing.html)
Warning: sta.M0021: pulseDet_2_timing.html: Warning-1350: Asynchronous path(s) exist from "inputPin_A_1(0)_PAD" to "Net_14288_1/q". See the timing report for details. (File=C:\Users\lucas\Google Drive (lucas.s10@aluno.ifsc.edu.br)\ifsc\bolsa\pulseDet\PSOC_pulseMatchDetector\Psoc_project\pulseDet_2.cydsn\pulseDet_2_timing.html)
Warning: sta.M0021: pulseDet_2_timing.html: Warning-1350: Asynchronous path(s) exist from "inputPin_A_1(0)_PAD" to "Net_14288_0/q". See the timing report for details. (File=C:\Users\lucas\Google Drive (lucas.s10@aluno.ifsc.edu.br)\ifsc\bolsa\pulseDet\PSOC_pulseMatchDetector\Psoc_project\pulseDet_2.cydsn\pulseDet_2_timing.html)
Warning: sta.M0021: pulseDet_2_timing.html: Warning-1350: Asynchronous path(s) exist from "Net_14288_1/q" to "inputPin_A_1(0)_PAD". See the timing report for details. (File=C:\Users\lucas\Google Drive (lucas.s10@aluno.ifsc.edu.br)\ifsc\bolsa\pulseDet\PSOC_pulseMatchDetector\Psoc_project\pulseDet_2.cydsn\pulseDet_2_timing.html)
Warning: sta.M0021: pulseDet_2_timing.html: Warning-1350: Asynchronous path(s) exist from "Net_14288_0/q" to "inputPin_A_1(0)_PAD". See the timing report for details. (File=C:\Users\lucas\Google Drive (lucas.s10@aluno.ifsc.edu.br)\ifsc\bolsa\pulseDet\PSOC_pulseMatchDetector\Psoc_project\pulseDet_2.cydsn\pulseDet_2_timing.html)
Warning: sta.M0021: pulseDet_2_timing.html: Warning-1350: Asynchronous path(s) exist from "inputPin_A_1(0)_PAD" to "CyBUS_CLK". See the timing report for details. (File=C:\Users\lucas\Google Drive (lucas.s10@aluno.ifsc.edu.br)\ifsc\bolsa\pulseDet\PSOC_pulseMatchDetector\Psoc_project\pulseDet_2.cydsn\pulseDet_2_timing.html)
Warning: sta.M0019: pulseDet_2_timing.html: Warning-1366: Setup time violation found in a path from clock ( CyBUS_CLK ) to clock ( CyBUS_CLK ). (File=C:\Users\lucas\Google Drive (lucas.s10@aluno.ifsc.edu.br)\ifsc\bolsa\pulseDet\PSOC_pulseMatchDetector\Psoc_project\pulseDet_2.cydsn\pulseDet_2_timing.html)
Warning: sta.M0019: pulseDet_2_timing.html: Warning-1366: Setup time violation found in a path from clock ( CyBUS_CLK ) to clock ( \EdgeDetect_1:last\/q ). (File=C:\Users\lucas\Google Drive (lucas.s10@aluno.ifsc.edu.br)\ifsc\bolsa\pulseDet\PSOC_pulseMatchDetector\Psoc_project\pulseDet_2.cydsn\pulseDet_2_timing.html)
Warning: sta.M0019: pulseDet_2_timing.html: Warning-1366: Setup time violation found in a path from clock ( \EdgeDetect_1:last\/q ) to clock ( CyBUS_CLK ). (File=C:\Users\lucas\Google Drive (lucas.s10@aluno.ifsc.edu.br)\ifsc\bolsa\pulseDet\PSOC_pulseMatchDetector\Psoc_project\pulseDet_2.cydsn\pulseDet_2_timing.html)
Warning: sta.M0019: pulseDet_2_timing.html: Warning-1366: Setup time violation found in a path from clock ( Net_14288_1/q ) to clock ( CyBUS_CLK ). (File=C:\Users\lucas\Google Drive (lucas.s10@aluno.ifsc.edu.br)\ifsc\bolsa\pulseDet\PSOC_pulseMatchDetector\Psoc_project\pulseDet_2.cydsn\pulseDet_2_timing.html)
Warning: sta.M0019: pulseDet_2_timing.html: Warning-1366: Setup time violation found in a path from clock ( Net_14288_1/q ) to clock ( \EdgeDetect_1:last\/q ). (File=C:\Users\lucas\Google Drive (lucas.s10@aluno.ifsc.edu.br)\ifsc\bolsa\pulseDet\PSOC_pulseMatchDetector\Psoc_project\pulseDet_2.cydsn\pulseDet_2_timing.html)
Warning: sta.M0019: pulseDet_2_timing.html: Warning-1366: Setup time violation found in a path from clock ( Net_14288_0/q ) to clock ( CyBUS_CLK ). (File=C:\Users\lucas\Google Drive (lucas.s10@aluno.ifsc.edu.br)\ifsc\bolsa\pulseDet\PSOC_pulseMatchDetector\Psoc_project\pulseDet_2.cydsn\pulseDet_2_timing.html)
Warning: sta.M0019: pulseDet_2_timing.html: Warning-1366: Setup time violation found in a path from clock ( Net_14288_0/q ) to clock ( \EdgeDetect_1:last\/q ). (File=C:\Users\lucas\Google Drive (lucas.s10@aluno.ifsc.edu.br)\ifsc\bolsa\pulseDet\PSOC_pulseMatchDetector\Psoc_project\pulseDet_2.cydsn\pulseDet_2_timing.html)
Warning: sta.M0019: pulseDet_2_timing.html: Warning-1367: Hold time violation found in a path from clock ( CyBUS_CLK ) to clock ( \EdgeDetect_1:last\/q ). (File=C:\Users\lucas\Google Drive (lucas.s10@aluno.ifsc.edu.br)\ifsc\bolsa\pulseDet\PSOC_pulseMatchDetector\Psoc_project\pulseDet_2.cydsn\pulseDet_2_timing.html)
Warning: sta.M0019: pulseDet_2_timing.html: Warning-1367: Hold time violation found in a path from clock ( CyBUS_CLK ) to clock ( Net_14288_1/q ). (File=C:\Users\lucas\Google Drive (lucas.s10@aluno.ifsc.edu.br)\ifsc\bolsa\pulseDet\PSOC_pulseMatchDetector\Psoc_project\pulseDet_2.cydsn\pulseDet_2_timing.html)
Warning: sta.M0019: pulseDet_2_timing.html: Warning-1367: Hold time violation found in a path from clock ( CyBUS_CLK ) to clock ( Net_14288_0/q ). (File=C:\Users\lucas\Google Drive (lucas.s10@aluno.ifsc.edu.br)\ifsc\bolsa\pulseDet\PSOC_pulseMatchDetector\Psoc_project\pulseDet_2.cydsn\pulseDet_2_timing.html)
API Generation...
Dependency Generation...
Cleanup...
arm-none-eabi-gcc.exe -mcpu=cortex-m3 -mthumb -I. -IGenerated_Source\PSoC5 -Wa,-alh=.\CortexM3\ARM_GCC_541\Debug/main.lst -g -D DEBUG -D CY_CORE_ID=0 -Wall -ffunction-sections -ffat-lto-objects -Og -c main.c -o .\CortexM3\ARM_GCC_541\Debug\main.o
main.c: In function 'sampler_state_process':
main.c:155:21: warning: passing argument 1 of 'UART_1_PutArray' discards 'volatile' qualifier from pointer target type [-Wdiscarded-qualifiers]
     UART_1_PutArray(preCounter_samplerArray, 3);
                     ^
In file included from Generated_Source\PSoC5/project.h:30:0,
                 from main.c:12:
Generated_Source\PSoC5/UART_1.h:140:10: note: expected 'const uint8 * {aka const unsigned char *}' but argument is of type 'volatile uint8 * {aka volatile unsigned char *}'
     void UART_1_PutArray(const uint8 string[], uint8 byteCount)
          ^
main.c:156:21: warning: passing argument 1 of 'UART_1_PutArray' discards 'volatile' qualifier from pointer target type [-Wdiscarded-qualifiers]
     UART_1_PutArray(Counter_samplerArray, 3);
                     ^
In file included from Generated_Source\PSoC5/project.h:30:0,
                 from main.c:12:
Generated_Source\PSoC5/UART_1.h:140:10: note: expected 'const uint8 * {aka const unsigned char *}' but argument is of type 'volatile uint8 * {aka volatile unsigned char *}'
     void UART_1_PutArray(const uint8 string[], uint8 byteCount)
          ^
arm-none-eabi-gcc.exe -mcpu=cortex-m3 -mthumb -I. -IGenerated_Source\PSoC5 -Wa,-alh=.\CortexM3\ARM_GCC_541\Debug/cyfitter_cfg.lst -g -D DEBUG -D CY_CORE_ID=0 -Wall -ffunction-sections -ffat-lto-objects -Og -c Generated_Source\PSoC5\cyfitter_cfg.c -o .\CortexM3\ARM_GCC_541\Debug\cyfitter_cfg.o
arm-none-eabi-gcc.exe -mcpu=cortex-m3 -mthumb -I. -IGenerated_Source\PSoC5 -Wa,-alh=.\CortexM3\ARM_GCC_541\Debug/cymetadata.lst -g -D DEBUG -D CY_CORE_ID=0 -Wall -ffunction-sections -ffat-lto-objects -Og -c Generated_Source\PSoC5\cymetadata.c -o .\CortexM3\ARM_GCC_541\Debug\cymetadata.o
arm-none-eabi-gcc.exe -mcpu=cortex-m3 -mthumb -I. -IGenerated_Source\PSoC5 -Wa,-alh=.\CortexM3\ARM_GCC_541\Debug/Clock_1.lst -g -D DEBUG -D CY_CORE_ID=0 -Wall -ffunction-sections -ffat-lto-objects -Og -c Generated_Source\PSoC5\Clock_1.c -o .\CortexM3\ARM_GCC_541\Debug\Clock_1.o
arm-none-eabi-gcc.exe -mcpu=cortex-m3 -mthumb -I. -IGenerated_Source\PSoC5 -Wa,-alh=.\CortexM3\ARM_GCC_541\Debug/isr_match.lst -g -D DEBUG -D CY_CORE_ID=0 -Wall -ffunction-sections -ffat-lto-objects -Og -c Generated_Source\PSoC5\isr_match.c -o .\CortexM3\ARM_GCC_541\Debug\isr_match.o
arm-none-eabi-gcc.exe -mcpu=cortex-m3 -mthumb -I. -IGenerated_Source\PSoC5 -Wa,-alh=.\CortexM3\ARM_GCC_541\Debug/preCounter_Reg_2.lst -g -D DEBUG -D CY_CORE_ID=0 -Wall -ffunction-sections -ffat-lto-objects -Og -c Generated_Source\PSoC5\preCounter_Reg_2.c -o .\CortexM3\ARM_GCC_541\Debug\preCounter_Reg_2.o
arm-none-eabi-gcc.exe -mcpu=cortex-m3 -mthumb -I. -IGenerated_Source\PSoC5 -Wa,-alh=.\CortexM3\ARM_GCC_541\Debug/preCounter_Reg_1.lst -g -D DEBUG -D CY_CORE_ID=0 -Wall -ffunction-sections -ffat-lto-objects -Og -c Generated_Source\PSoC5\preCounter_Reg_1.c -o .\CortexM3\ARM_GCC_541\Debug\preCounter_Reg_1.o
arm-none-eabi-gcc.exe -mcpu=cortex-m3 -mthumb -I. -IGenerated_Source\PSoC5 -Wa,-alh=.\CortexM3\ARM_GCC_541\Debug/preCounter_Reg_3.lst -g -D DEBUG -D CY_CORE_ID=0 -Wall -ffunction-sections -ffat-lto-objects -Og -c Generated_Source\PSoC5\preCounter_Reg_3.c -o .\CortexM3\ARM_GCC_541\Debug\preCounter_Reg_3.o
arm-none-eabi-gcc.exe -mcpu=cortex-m3 -mthumb -I. -IGenerated_Source\PSoC5 -Wa,-alh=.\CortexM3\ARM_GCC_541\Debug/PWM_1.lst -g -D DEBUG -D CY_CORE_ID=0 -Wall -ffunction-sections -ffat-lto-objects -Og -c Generated_Source\PSoC5\PWM_1.c -o .\CortexM3\ARM_GCC_541\Debug\PWM_1.o
arm-none-eabi-gcc.exe -mcpu=cortex-m3 -mthumb -I. -IGenerated_Source\PSoC5 -Wa,-alh=.\CortexM3\ARM_GCC_541\Debug/PWM_1_PM.lst -g -D DEBUG -D CY_CORE_ID=0 -Wall -ffunction-sections -ffat-lto-objects -Og -c Generated_Source\PSoC5\PWM_1_PM.c -o .\CortexM3\ARM_GCC_541\Debug\PWM_1_PM.o
arm-none-eabi-gcc.exe -mcpu=cortex-m3 -mthumb -I. -IGenerated_Source\PSoC5 -Wa,-alh=.\CortexM3\ARM_GCC_541\Debug/Clock_5.lst -g -D DEBUG -D CY_CORE_ID=0 -Wall -ffunction-sections -ffat-lto-objects -Og -c Generated_Source\PSoC5\Clock_5.c -o .\CortexM3\ARM_GCC_541\Debug\Clock_5.o
arm-none-eabi-gcc.exe -mcpu=cortex-m3 -mthumb -I. -IGenerated_Source\PSoC5 -Wa,-alh=.\CortexM3\ARM_GCC_541\Debug/inputPin_B_1.lst -g -D DEBUG -D CY_CORE_ID=0 -Wall -ffunction-sections -ffat-lto-objects -Og -c Generated_Source\PSoC5\inputPin_B_1.c -o .\CortexM3\ARM_GCC_541\Debug\inputPin_B_1.o
arm-none-eabi-gcc.exe -mcpu=cortex-m3 -mthumb -I. -IGenerated_Source\PSoC5 -Wa,-alh=.\CortexM3\ARM_GCC_541\Debug/inputPin_A_1.lst -g -D DEBUG -D CY_CORE_ID=0 -Wall -ffunction-sections -ffat-lto-objects -Og -c Generated_Source\PSoC5\inputPin_A_1.c -o .\CortexM3\ARM_GCC_541\Debug\inputPin_A_1.o
arm-none-eabi-gcc.exe -mcpu=cortex-m3 -mthumb -I. -IGenerated_Source\PSoC5 -Wa,-alh=.\CortexM3\ARM_GCC_541\Debug/Cm3Start.lst -g -D DEBUG -D CY_CORE_ID=0 -Wall -ffunction-sections -ffat-lto-objects -Og -c Generated_Source\PSoC5\Cm3Start.c -o .\CortexM3\ARM_GCC_541\Debug\Cm3Start.o
arm-none-eabi-gcc.exe -mcpu=cortex-m3 -mthumb -I. -IGenerated_Source\PSoC5 -Wa,-alh=.\CortexM3\ARM_GCC_541\Debug/CyDmac.lst -g -D DEBUG -D CY_CORE_ID=0 -Wall -ffunction-sections -ffat-lto-objects -Og -c Generated_Source\PSoC5\CyDmac.c -o .\CortexM3\ARM_GCC_541\Debug\CyDmac.o
arm-none-eabi-gcc.exe -mcpu=cortex-m3 -mthumb -I. -IGenerated_Source\PSoC5 -Wa,-alh=.\CortexM3\ARM_GCC_541\Debug/CyFlash.lst -g -D DEBUG -D CY_CORE_ID=0 -Wall -ffunction-sections -ffat-lto-objects -Og -c Generated_Source\PSoC5\CyFlash.c -o .\CortexM3\ARM_GCC_541\Debug\CyFlash.o
arm-none-eabi-gcc.exe -mcpu=cortex-m3 -mthumb -I. -IGenerated_Source\PSoC5 -Wa,-alh=.\CortexM3\ARM_GCC_541\Debug/CyLib.lst -g -D DEBUG -D CY_CORE_ID=0 -Wall -ffunction-sections -ffat-lto-objects -Og -c Generated_Source\PSoC5\CyLib.c -o .\CortexM3\ARM_GCC_541\Debug\CyLib.o
arm-none-eabi-gcc.exe -mcpu=cortex-m3 -mthumb -I. -IGenerated_Source\PSoC5 -Wa,-alh=.\CortexM3\ARM_GCC_541\Debug/cyPm.lst -g -D DEBUG -D CY_CORE_ID=0 -Wall -ffunction-sections -ffat-lto-objects -Og -c Generated_Source\PSoC5\cyPm.c -o .\CortexM3\ARM_GCC_541\Debug\cyPm.o
arm-none-eabi-gcc.exe -mcpu=cortex-m3 -mthumb -I. -IGenerated_Source\PSoC5 -Wa,-alh=.\CortexM3\ARM_GCC_541\Debug/CySpc.lst -g -D DEBUG -D CY_CORE_ID=0 -Wall -ffunction-sections -ffat-lto-objects -Og -c Generated_Source\PSoC5\CySpc.c -o .\CortexM3\ARM_GCC_541\Debug\CySpc.o
arm-none-eabi-gcc.exe -mcpu=cortex-m3 -mthumb -I. -IGenerated_Source\PSoC5 -Wa,-alh=.\CortexM3\ARM_GCC_541\Debug/cyutils.lst -g -D DEBUG -D CY_CORE_ID=0 -Wall -ffunction-sections -ffat-lto-objects -Og -c Generated_Source\PSoC5\cyutils.c -o .\CortexM3\ARM_GCC_541\Debug\cyutils.o
arm-none-eabi-gcc.exe -mcpu=cortex-m3 -mthumb -I. -IGenerated_Source\PSoC5 -Wa,-alh=.\CortexM3\ARM_GCC_541\Debug/cy_em_eeprom.lst -g -D DEBUG -D CY_CORE_ID=0 -Wall -ffunction-sections -ffat-lto-objects -Og -c Generated_Source\PSoC5\cy_em_eeprom.c -o .\CortexM3\ARM_GCC_541\Debug\cy_em_eeprom.o
arm-none-eabi-gcc.exe -mcpu=cortex-m3 -mthumb -I. -IGenerated_Source\PSoC5 -Wa,-alh=.\CortexM3\ARM_GCC_541\Debug/isr_Rx_1.lst -g -D DEBUG -D CY_CORE_ID=0 -Wall -ffunction-sections -ffat-lto-objects -Og -c Generated_Source\PSoC5\isr_Rx_1.c -o .\CortexM3\ARM_GCC_541\Debug\isr_Rx_1.o
arm-none-eabi-gcc.exe -mcpu=cortex-m3 -mthumb -I. -IGenerated_Source\PSoC5 -Wa,-alh=.\CortexM3\ARM_GCC_541\Debug/UART_1.lst -g -D DEBUG -D CY_CORE_ID=0 -Wall -ffunction-sections -ffat-lto-objects -Og -c Generated_Source\PSoC5\UART_1.c -o .\CortexM3\ARM_GCC_541\Debug\UART_1.o
arm-none-eabi-gcc.exe -mcpu=cortex-m3 -mthumb -I. -IGenerated_Source\PSoC5 -Wa,-alh=.\CortexM3\ARM_GCC_541\Debug/UART_1_PM.lst -g -D DEBUG -D CY_CORE_ID=0 -Wall -ffunction-sections -ffat-lto-objects -Og -c Generated_Source\PSoC5\UART_1_PM.c -o .\CortexM3\ARM_GCC_541\Debug\UART_1_PM.o
arm-none-eabi-gcc.exe -mcpu=cortex-m3 -mthumb -I. -IGenerated_Source\PSoC5 -Wa,-alh=.\CortexM3\ARM_GCC_541\Debug/UART_1_INT.lst -g -D DEBUG -D CY_CORE_ID=0 -Wall -ffunction-sections -ffat-lto-objects -Og -c Generated_Source\PSoC5\UART_1_INT.c -o .\CortexM3\ARM_GCC_541\Debug\UART_1_INT.o
arm-none-eabi-gcc.exe -mcpu=cortex-m3 -mthumb -I. -IGenerated_Source\PSoC5 -Wa,-alh=.\CortexM3\ARM_GCC_541\Debug/UART_1_BOOT.lst -g -D DEBUG -D CY_CORE_ID=0 -Wall -ffunction-sections -ffat-lto-objects -Og -c Generated_Source\PSoC5\UART_1_BOOT.c -o .\CortexM3\ARM_GCC_541\Debug\UART_1_BOOT.o
arm-none-eabi-gcc.exe -mcpu=cortex-m3 -mthumb -I. -IGenerated_Source\PSoC5 -Wa,-alh=.\CortexM3\ARM_GCC_541\Debug/UART_1_IntClock.lst -g -D DEBUG -D CY_CORE_ID=0 -Wall -ffunction-sections -ffat-lto-objects -Og -c Generated_Source\PSoC5\UART_1_IntClock.c -o .\CortexM3\ARM_GCC_541\Debug\UART_1_IntClock.o
arm-none-eabi-gcc.exe -mcpu=cortex-m3 -mthumb -I. -IGenerated_Source\PSoC5 -Wa,-alh=.\CortexM3\ARM_GCC_541\Debug/Counter_Reg_1.lst -g -D DEBUG -D CY_CORE_ID=0 -Wall -ffunction-sections -ffat-lto-objects -Og -c Generated_Source\PSoC5\Counter_Reg_1.c -o .\CortexM3\ARM_GCC_541\Debug\Counter_Reg_1.o
arm-none-eabi-gcc.exe -mcpu=cortex-m3 -mthumb -I. -IGenerated_Source\PSoC5 -Wa,-alh=.\CortexM3\ARM_GCC_541\Debug/Counter_Reg_2.lst -g -D DEBUG -D CY_CORE_ID=0 -Wall -ffunction-sections -ffat-lto-objects -Og -c Generated_Source\PSoC5\Counter_Reg_2.c -o .\CortexM3\ARM_GCC_541\Debug\Counter_Reg_2.o
arm-none-eabi-gcc.exe -mcpu=cortex-m3 -mthumb -I. -IGenerated_Source\PSoC5 -Wa,-alh=.\CortexM3\ARM_GCC_541\Debug/Counter_Reg_3.lst -g -D DEBUG -D CY_CORE_ID=0 -Wall -ffunction-sections -ffat-lto-objects -Og -c Generated_Source\PSoC5\Counter_Reg_3.c -o .\CortexM3\ARM_GCC_541\Debug\Counter_Reg_3.o
arm-none-eabi-gcc.exe -mcpu=cortex-m3 -mthumb -I. -IGenerated_Source\PSoC5 -Wa,-alh=.\CortexM3\ARM_GCC_541\Debug/Clock_2.lst -g -D DEBUG -D CY_CORE_ID=0 -Wall -ffunction-sections -ffat-lto-objects -Og -c Generated_Source\PSoC5\Clock_2.c -o .\CortexM3\ARM_GCC_541\Debug\Clock_2.o
arm-none-eabi-gcc.exe -mcpu=cortex-m3 -mthumb -I. -IGenerated_Source\PSoC5 -Wa,-alh=.\CortexM3\ARM_GCC_541\Debug/preCount_th_Reg_3.lst -g -D DEBUG -D CY_CORE_ID=0 -Wall -ffunction-sections -ffat-lto-objects -Og -c Generated_Source\PSoC5\preCount_th_Reg_3.c -o .\CortexM3\ARM_GCC_541\Debug\preCount_th_Reg_3.o
arm-none-eabi-gcc.exe -mcpu=cortex-m3 -mthumb -I. -IGenerated_Source\PSoC5 -Wa,-alh=.\CortexM3\ARM_GCC_541\Debug/preCount_th_Reg_3_PM.lst -g -D DEBUG -D CY_CORE_ID=0 -Wall -ffunction-sections -ffat-lto-objects -Og -c Generated_Source\PSoC5\preCount_th_Reg_3_PM.c -o .\CortexM3\ARM_GCC_541\Debug\preCount_th_Reg_3_PM.o
arm-none-eabi-gcc.exe -mcpu=cortex-m3 -mthumb -I. -IGenerated_Source\PSoC5 -Wa,-alh=.\CortexM3\ARM_GCC_541\Debug/preCount_th_Reg_2.lst -g -D DEBUG -D CY_CORE_ID=0 -Wall -ffunction-sections -ffat-lto-objects -Og -c Generated_Source\PSoC5\preCount_th_Reg_2.c -o .\CortexM3\ARM_GCC_541\Debug\preCount_th_Reg_2.o
arm-none-eabi-gcc.exe -mcpu=cortex-m3 -mthumb -I. -IGenerated_Source\PSoC5 -Wa,-alh=.\CortexM3\ARM_GCC_541\Debug/preCount_th_Reg_2_PM.lst -g -D DEBUG -D CY_CORE_ID=0 -Wall -ffunction-sections -ffat-lto-objects -Og -c Generated_Source\PSoC5\preCount_th_Reg_2_PM.c -o .\CortexM3\ARM_GCC_541\Debug\preCount_th_Reg_2_PM.o
arm-none-eabi-gcc.exe -mcpu=cortex-m3 -mthumb -I. -IGenerated_Source\PSoC5 -Wa,-alh=.\CortexM3\ARM_GCC_541\Debug/preCount_th_Reg_1.lst -g -D DEBUG -D CY_CORE_ID=0 -Wall -ffunction-sections -ffat-lto-objects -Og -c Generated_Source\PSoC5\preCount_th_Reg_1.c -o .\CortexM3\ARM_GCC_541\Debug\preCount_th_Reg_1.o
arm-none-eabi-gcc.exe -mcpu=cortex-m3 -mthumb -I. -IGenerated_Source\PSoC5 -Wa,-alh=.\CortexM3\ARM_GCC_541\Debug/preCount_th_Reg_1_PM.lst -g -D DEBUG -D CY_CORE_ID=0 -Wall -ffunction-sections -ffat-lto-objects -Og -c Generated_Source\PSoC5\preCount_th_Reg_1_PM.c -o .\CortexM3\ARM_GCC_541\Debug\preCount_th_Reg_1_PM.o
arm-none-eabi-gcc.exe -mcpu=cortex-m3 -mthumb -I. -IGenerated_Source\PSoC5 -Wa,-alh=.\CortexM3\ARM_GCC_541\Debug/Clock_3.lst -g -D DEBUG -D CY_CORE_ID=0 -Wall -ffunction-sections -ffat-lto-objects -Og -c Generated_Source\PSoC5\Clock_3.c -o .\CortexM3\ARM_GCC_541\Debug\Clock_3.o
arm-none-eabi-gcc.exe -mcpu=cortex-m3 -mthumb -I. -IGenerated_Source\PSoC5 -Wa,-alh=.\CortexM3\ARM_GCC_541\Debug/Count_th_Reg_2.lst -g -D DEBUG -D CY_CORE_ID=0 -Wall -ffunction-sections -ffat-lto-objects -Og -c Generated_Source\PSoC5\Count_th_Reg_2.c -o .\CortexM3\ARM_GCC_541\Debug\Count_th_Reg_2.o
arm-none-eabi-gcc.exe -mcpu=cortex-m3 -mthumb -I. -IGenerated_Source\PSoC5 -Wa,-alh=.\CortexM3\ARM_GCC_541\Debug/Count_th_Reg_2_PM.lst -g -D DEBUG -D CY_CORE_ID=0 -Wall -ffunction-sections -ffat-lto-objects -Og -c Generated_Source\PSoC5\Count_th_Reg_2_PM.c -o .\CortexM3\ARM_GCC_541\Debug\Count_th_Reg_2_PM.o
arm-none-eabi-gcc.exe -mcpu=cortex-m3 -mthumb -I. -IGenerated_Source\PSoC5 -Wa,-alh=.\CortexM3\ARM_GCC_541\Debug/Count_th_Reg_1.lst -g -D DEBUG -D CY_CORE_ID=0 -Wall -ffunction-sections -ffat-lto-objects -Og -c Generated_Source\PSoC5\Count_th_Reg_1.c -o .\CortexM3\ARM_GCC_541\Debug\Count_th_Reg_1.o
arm-none-eabi-gcc.exe -mcpu=cortex-m3 -mthumb -I. -IGenerated_Source\PSoC5 -Wa,-alh=.\CortexM3\ARM_GCC_541\Debug/Count_th_Reg_1_PM.lst -g -D DEBUG -D CY_CORE_ID=0 -Wall -ffunction-sections -ffat-lto-objects -Og -c Generated_Source\PSoC5\Count_th_Reg_1_PM.c -o .\CortexM3\ARM_GCC_541\Debug\Count_th_Reg_1_PM.o
arm-none-eabi-gcc.exe -mcpu=cortex-m3 -mthumb -I. -IGenerated_Source\PSoC5 -Wa,-alh=.\CortexM3\ARM_GCC_541\Debug/Control_Reg_1.lst -g -D DEBUG -D CY_CORE_ID=0 -Wall -ffunction-sections -ffat-lto-objects -Og -c Generated_Source\PSoC5\Control_Reg_1.c -o .\CortexM3\ARM_GCC_541\Debug\Control_Reg_1.o
arm-none-eabi-gcc.exe -mcpu=cortex-m3 -mthumb -I. -IGenerated_Source\PSoC5 -Wa,-alh=.\CortexM3\ARM_GCC_541\Debug/Control_Reg_1_PM.lst -g -D DEBUG -D CY_CORE_ID=0 -Wall -ffunction-sections -ffat-lto-objects -Og -c Generated_Source\PSoC5\Control_Reg_1_PM.c -o .\CortexM3\ARM_GCC_541\Debug\Control_Reg_1_PM.o
arm-none-eabi-gcc.exe -mcpu=cortex-m3 -mthumb -I. -IGenerated_Source\PSoC5 -Wa,-alh=.\CortexM3\ARM_GCC_541\Debug/Count_th_Reg_3.lst -g -D DEBUG -D CY_CORE_ID=0 -Wall -ffunction-sections -ffat-lto-objects -Og -c Generated_Source\PSoC5\Count_th_Reg_3.c -o .\CortexM3\ARM_GCC_541\Debug\Count_th_Reg_3.o
arm-none-eabi-gcc.exe -mcpu=cortex-m3 -mthumb -I. -IGenerated_Source\PSoC5 -Wa,-alh=.\CortexM3\ARM_GCC_541\Debug/Count_th_Reg_3_PM.lst -g -D DEBUG -D CY_CORE_ID=0 -Wall -ffunction-sections -ffat-lto-objects -Og -c Generated_Source\PSoC5\Count_th_Reg_3_PM.c -o .\CortexM3\ARM_GCC_541\Debug\Count_th_Reg_3_PM.o
arm-none-eabi-gcc.exe -mcpu=cortex-m3 -mthumb -I. -IGenerated_Source\PSoC5 -Wa,-alh=.\CortexM3\ARM_GCC_541\Debug/Clock_4.lst -g -D DEBUG -D CY_CORE_ID=0 -Wall -ffunction-sections -ffat-lto-objects -Og -c Generated_Source\PSoC5\Clock_4.c -o .\CortexM3\ARM_GCC_541\Debug\Clock_4.o
arm-none-eabi-gcc.exe -mcpu=cortex-m3 -mthumb -I. -IGenerated_Source\PSoC5 -Wa,-alh=.\CortexM3\ARM_GCC_541\Debug/Clock_6.lst -g -D DEBUG -D CY_CORE_ID=0 -Wall -ffunction-sections -ffat-lto-objects -Og -c Generated_Source\PSoC5\Clock_6.c -o .\CortexM3\ARM_GCC_541\Debug\Clock_6.o
arm-none-eabi-gcc.exe -mcpu=cortex-m3 -mthumb -I. -IGenerated_Source\PSoC5 -Wa,-alh=.\CortexM3\ARM_GCC_541\Debug/Pin_1.lst -g -D DEBUG -D CY_CORE_ID=0 -Wall -ffunction-sections -ffat-lto-objects -Og -c Generated_Source\PSoC5\Pin_1.c -o .\CortexM3\ARM_GCC_541\Debug\Pin_1.o
arm-none-eabi-gcc.exe -mcpu=cortex-m3 -mthumb -I. -IGenerated_Source\PSoC5 -Wa,-alh=.\CortexM3\ARM_GCC_541\Debug/Pin_2.lst -g -D DEBUG -D CY_CORE_ID=0 -Wall -ffunction-sections -ffat-lto-objects -Og -c Generated_Source\PSoC5\Pin_2.c -o .\CortexM3\ARM_GCC_541\Debug\Pin_2.o
arm-none-eabi-gcc.exe -mcpu=cortex-m3 -mthumb -I. -IGenerated_Source\PSoC5 -Wa,-alh=.\CortexM3\ARM_GCC_541\Debug/PinLed.lst -g -D DEBUG -D CY_CORE_ID=0 -Wall -ffunction-sections -ffat-lto-objects -Og -c Generated_Source\PSoC5\PinLed.c -o .\CortexM3\ARM_GCC_541\Debug\PinLed.o
arm-none-eabi-as.exe -mcpu=cortex-m3 -mthumb -I. -IGenerated_Source\PSoC5 -alh=.\CortexM3\ARM_GCC_541\Debug/CyBootAsmGnu.lst -g -W -o .\CortexM3\ARM_GCC_541\Debug\CyBootAsmGnu.o Generated_Source\PSoC5\CyBootAsmGnu.s
arm-none-eabi-ar.exe -rs .\CortexM3\ARM_GCC_541\Debug\pulseDet_2.a .\CortexM3\ARM_GCC_541\Debug\Clock_1.o .\CortexM3\ARM_GCC_541\Debug\isr_match.o .\CortexM3\ARM_GCC_541\Debug\preCounter_Reg_2.o .\CortexM3\ARM_GCC_541\Debug\preCounter_Reg_1.o .\CortexM3\ARM_GCC_541\Debug\preCounter_Reg_3.o .\CortexM3\ARM_GCC_541\Debug\PWM_1.o .\CortexM3\ARM_GCC_541\Debug\PWM_1_PM.o .\CortexM3\ARM_GCC_541\Debug\Clock_5.o .\CortexM3\ARM_GCC_541\Debug\inputPin_B_1.o .\CortexM3\ARM_GCC_541\Debug\inputPin_A_1.o .\CortexM3\ARM_GCC_541\Debug\CyDmac.o .\CortexM3\ARM_GCC_541\Debug\CyFlash.o .\CortexM3\ARM_GCC_541\Debug\CyLib.o .\CortexM3\ARM_GCC_541\Debug\cyPm.o .\CortexM3\ARM_GCC_541\Debug\CySpc.o .\CortexM3\ARM_GCC_541\Debug\cyutils.o .\CortexM3\ARM_GCC_541\Debug\cy_em_eeprom.o .\CortexM3\ARM_GCC_541\Debug\isr_Rx_1.o .\CortexM3\ARM_GCC_541\Debug\UART_1.o .\CortexM3\ARM_GCC_541\Debug\UART_1_PM.o .\CortexM3\ARM_GCC_541\Debug\UART_1_INT.o .\CortexM3\ARM_GCC_541\Debug\UART_1_BOOT.o .\CortexM3\ARM_GCC_541\Debug\UART_1_IntClock.o .\CortexM3\ARM_GCC_541\Debug\Counter_Reg_1.o .\CortexM3\ARM_GCC_541\Debug\Counter_Reg_2.o .\CortexM3\ARM_GCC_541\Debug\Counter_Reg_3.o .\CortexM3\ARM_GCC_541\Debug\Clock_2.o .\CortexM3\ARM_GCC_541\Debug\preCount_th_Reg_3.o .\CortexM3\ARM_GCC_541\Debug\preCount_th_Reg_3_PM.o .\CortexM3\ARM_GCC_541\Debug\preCount_th_Reg_2.o .\CortexM3\ARM_GCC_541\Debug\preCount_th_Reg_2_PM.o .\CortexM3\ARM_GCC_541\Debug\preCount_th_Reg_1.o .\CortexM3\ARM_GCC_541\Debug\preCount_th_Reg_1_PM.o .\CortexM3\ARM_GCC_541\Debug\Clock_3.o .\CortexM3\ARM_GCC_541\Debug\Count_th_Reg_2.o .\CortexM3\ARM_GCC_541\Debug\Count_th_Reg_2_PM.o .\CortexM3\ARM_GCC_541\Debug\Count_th_Reg_1.o .\CortexM3\ARM_GCC_541\Debug\Count_th_Reg_1_PM.o .\CortexM3\ARM_GCC_541\Debug\Control_Reg_1.o .\CortexM3\ARM_GCC_541\Debug\Control_Reg_1_PM.o .\CortexM3\ARM_GCC_541\Debug\Count_th_Reg_3.o .\CortexM3\ARM_GCC_541\Debug\Count_th_Reg_3_PM.o .\CortexM3\ARM_GCC_541\Debug\Clock_4.o .\CortexM3\ARM_GCC_541\Debug\Clock_6.o .\CortexM3\ARM_GCC_541\Debug\Pin_1.o .\CortexM3\ARM_GCC_541\Debug\Pin_2.o .\CortexM3\ARM_GCC_541\Debug\PinLed.o .\CortexM3\ARM_GCC_541\Debug\CyBootAsmGnu.o
arm-none-eabi-ar.exe: creating .\CortexM3\ARM_GCC_541\Debug\pulseDet_2.a
arm-none-eabi-gcc.exe -Wl,--start-group -o "C:\Users\lucas\Google Drive (lucas.s10@aluno.ifsc.edu.br)\ifsc\bolsa\pulseDet\PSOC_pulseMatchDetector\Psoc_project\pulseDet_2.cydsn\CortexM3\ARM_GCC_541\Debug\pulseDet_2.elf" .\CortexM3\ARM_GCC_541\Debug\main.o .\CortexM3\ARM_GCC_541\Debug\cyfitter_cfg.o .\CortexM3\ARM_GCC_541\Debug\cymetadata.o .\CortexM3\ARM_GCC_541\Debug\Cm3Start.o .\CortexM3\ARM_GCC_541\Debug\pulseDet_2.a "C:\Program Files (x86)\Cypress\PSoC Creator\4.2\PSoC Creator\psoc\content\cycomponentlibrary\CyComponentLibrary.cylib\CortexM3\ARM_GCC_541\Debug\CyComponentLibrary.a" -mcpu=cortex-m3 -mthumb -L Generated_Source\PSoC5 -Wl,-Map,.\CortexM3\ARM_GCC_541\Debug/pulseDet_2.map -T Generated_Source\PSoC5\cm3gcc.ld -specs=nano.specs -Wl,--gc-sections -g -ffunction-sections -Og -ffat-lto-objects -Wl,--end-group
cyelftool.exe -C "C:\Users\lucas\Google Drive (lucas.s10@aluno.ifsc.edu.br)\ifsc\bolsa\pulseDet\PSOC_pulseMatchDetector\Psoc_project\pulseDet_2.cydsn\CortexM3\ARM_GCC_541\Debug\pulseDet_2.elf" --flash_row_size 256 --flash_size 262144 --flash_offset 0x00000000
No ELF section .cychecksum found, creating one
Application checksum calculated and stored in ELF section .cychecksum
Checksum calculated and stored in ELF section .cymeta
cyelftool.exe -S "C:\Users\lucas\Google Drive (lucas.s10@aluno.ifsc.edu.br)\ifsc\bolsa\pulseDet\PSOC_pulseMatchDetector\Psoc_project\pulseDet_2.cydsn\CortexM3\ARM_GCC_541\Debug\pulseDet_2.elf"
Flash used: 2702 of 262144 bytes (1,0%).
SRAM used: 2553 of 65536 bytes (3,9%). Stack: 2048 bytes. Heap: 128 bytes.
--------------- Build Succeeded: 08/05/2018 22:18:40 ---------------
