--------------- Clean Started: 08/01/2018 22:23:22 Project: pulseDet_2, Configuration: ARM GCC 5.4-2016-q2-update Debug ---------------
Deleting file ".\CortexM3\ARM_GCC_541\Debug\main.o"
Deleting file ".\CortexM3\ARM_GCC_541\Debug\cyfitter_cfg.o"
Deleting file ".\CortexM3\ARM_GCC_541\Debug\cymetadata.o"
Deleting file ".\CortexM3\ARM_GCC_541\Debug\Clock_1.o"
Deleting file ".\CortexM3\ARM_GCC_541\Debug\Pin_3.o"
Deleting file ".\CortexM3\ARM_GCC_541\Debug\isr_match.o"
Deleting file ".\CortexM3\ARM_GCC_541\Debug\preCounter_Reg_2.o"
Deleting file ".\CortexM3\ARM_GCC_541\Debug\preCounter_Reg_1.o"
Deleting file ".\CortexM3\ARM_GCC_541\Debug\preCounter_Reg_3.o"
Deleting file ".\CortexM3\ARM_GCC_541\Debug\PWM_1.o"
Deleting file ".\CortexM3\ARM_GCC_541\Debug\PWM_1_PM.o"
Deleting file ".\CortexM3\ARM_GCC_541\Debug\Clock_5.o"
Deleting file ".\CortexM3\ARM_GCC_541\Debug\inputPin_B_1.o"
Deleting file ".\CortexM3\ARM_GCC_541\Debug\inputPin_A_1.o"
Deleting file ".\CortexM3\ARM_GCC_541\Debug\Cm3Start.o"
Deleting file ".\CortexM3\ARM_GCC_541\Debug\CyBootAsmGnu.o"
Deleting file ".\CortexM3\ARM_GCC_541\Debug\CyDmac.o"
Deleting file ".\CortexM3\ARM_GCC_541\Debug\CyFlash.o"
Deleting file ".\CortexM3\ARM_GCC_541\Debug\CyLib.o"
Deleting file ".\CortexM3\ARM_GCC_541\Debug\cyPm.o"
Deleting file ".\CortexM3\ARM_GCC_541\Debug\CySpc.o"
Deleting file ".\CortexM3\ARM_GCC_541\Debug\cyutils.o"
Deleting file ".\CortexM3\ARM_GCC_541\Debug\cy_em_eeprom.o"
Deleting file ".\CortexM3\ARM_GCC_541\Debug\isr_Rx_1.o"
Deleting file ".\CortexM3\ARM_GCC_541\Debug\UART_1.o"
Deleting file ".\CortexM3\ARM_GCC_541\Debug\UART_1_PM.o"
Deleting file ".\CortexM3\ARM_GCC_541\Debug\UART_1_INT.o"
Deleting file ".\CortexM3\ARM_GCC_541\Debug\UART_1_BOOT.o"
Deleting file ".\CortexM3\ARM_GCC_541\Debug\UART_1_IntClock.o"
Deleting file ".\CortexM3\ARM_GCC_541\Debug\Counter_Reg_1.o"
Deleting file ".\CortexM3\ARM_GCC_541\Debug\Counter_Reg_2.o"
Deleting file ".\CortexM3\ARM_GCC_541\Debug\Counter_Reg_3.o"
Deleting file ".\CortexM3\ARM_GCC_541\Debug\Clock_2.o"
Deleting file ".\CortexM3\ARM_GCC_541\Debug\preCount_th_Reg_3.o"
Deleting file ".\CortexM3\ARM_GCC_541\Debug\preCount_th_Reg_3_PM.o"
Deleting file ".\CortexM3\ARM_GCC_541\Debug\preCount_th_Reg_2.o"
Deleting file ".\CortexM3\ARM_GCC_541\Debug\preCount_th_Reg_2_PM.o"
Deleting file ".\CortexM3\ARM_GCC_541\Debug\preCount_th_Reg_1.o"
Deleting file ".\CortexM3\ARM_GCC_541\Debug\preCount_th_Reg_1_PM.o"
Deleting file ".\CortexM3\ARM_GCC_541\Debug\Clock_3.o"
Deleting file ".\CortexM3\ARM_GCC_541\Debug\Count_th_Reg_2.o"
Deleting file ".\CortexM3\ARM_GCC_541\Debug\Count_th_Reg_2_PM.o"
Deleting file ".\CortexM3\ARM_GCC_541\Debug\Count_th_Reg_1.o"
Deleting file ".\CortexM3\ARM_GCC_541\Debug\Count_th_Reg_1_PM.o"
Deleting file ".\CortexM3\ARM_GCC_541\Debug\Control_Reg_1.o"
Deleting file ".\CortexM3\ARM_GCC_541\Debug\Control_Reg_1_PM.o"
Deleting file ".\CortexM3\ARM_GCC_541\Debug\Count_th_Reg_3.o"
Deleting file ".\CortexM3\ARM_GCC_541\Debug\Count_th_Reg_3_PM.o"
Deleting file ".\CortexM3\ARM_GCC_541\Debug\Clock_4.o"
Deleting file ".\CortexM3\ARM_GCC_541\Debug\Clock_6.o"
Deleting file ".\CortexM3\ARM_GCC_541\Debug\pulseDet_2.hex"
Deleting file ".\CortexM3\ARM_GCC_541\Debug\pulseDet_2.elf"
Deleting file ".\CortexM3\ARM_GCC_541\Debug\pulseDet_2.map"
Deleting file ".\pulseDet_2.cycdx"
Deleting file ".\pulseDet_2.svd"
Deleting file ".\pulseDet_2.rpt"
Deleting file ".\pulseDet_2_timing.html"
Deleting file ".\CortexM3\ARM_GCC_541\Debug\.deps\SOURCE_C__ARM_GCC_GENERIC.P"
Deleting file ".\CortexM3\ARM_GCC_541\Debug\.deps\SOURCE_ASM__ARM_GCC_GENERIC.P"
--------------- Clean Succeeded: 08/01/2018 22:23:22 ---------------
