--------------- Build Started: 07/26/2018 02:20:10 Project: pulseDet_1, Configuration: ARM GCC 5.4-2016-q2-update Debug ---------------
cydsfit.exe -.appdatapath "C:\Users\lucas\AppData\Local\Cypress Semiconductor\PSoC Creator\4.2" -.fdsnotice -.fdswarpdepfile=warp_dependencies.txt -.fdselabdepfile=elab_dependencies.txt -.fdsbldfile=generated_files.txt -.fdsreffile=referenced_files.txt -p "C:\Users\lucas\Google Drive (lucas.s10@aluno.ifsc.edu.br)\ifsc\bolsa\pulseDet\PSOC_pulseMatchDetector\Psoc_project\pulseDet_1.cydsn\pulseDet_1.cyprj" -d CY8C5888LTI-LP097 -s "C:\Users\lucas\Google Drive (lucas.s10@aluno.ifsc.edu.br)\ifsc\bolsa\pulseDet\PSOC_pulseMatchDetector\Psoc_project\pulseDet_1.cydsn\Generated_Source\PSoC5" -- -yv2 -q10 -ygs -o2 -v3 -.fftcfgtype=LE
Elaborating Design...
ADD: fit.M0032: warning: Clock Warning: (UART_1_IntClock's accuracy range '461.538 kHz +/- 5%, (438.462 kHz - 484.615 kHz)' is not within the specified tolerance range '460.8 kHz +/- 3.937%, (442.657 kHz - 478.943 kHz)'.).
 * C:\Program Files (x86)\Cypress\PSoC Creator\4.2\PSoC Creator\psoc\content\CyComponentLibrary\CyComponentLibrary.cylib\UART_v2_50\UART_v2_50.cysch (Instance:IntClock)
 * C:\Users\lucas\Google Drive (lucas.s10@aluno.ifsc.edu.br)\ifsc\bolsa\pulseDet\PSOC_pulseMatchDetector\Psoc_project\pulseDet_1.cydsn\pulseDet_1.cydwr (UART_1_IntClock)
ADD: fit.M0032: warning: Clock Warning: (Clock_5's accuracy range '250  Hz -50% +100%, (125  Hz - 500  Hz)' is not within the specified tolerance range '256  Hz +/- 5%, (243.2  Hz - 268.8  Hz)'.).
 * C:\Users\lucas\Google Drive (lucas.s10@aluno.ifsc.edu.br)\ifsc\bolsa\pulseDet\PSOC_pulseMatchDetector\Psoc_project\pulseDet_1.cydsn\pulseDet_1.cydwr (Clock_5)
 * C:\Users\lucas\Google Drive (lucas.s10@aluno.ifsc.edu.br)\ifsc\bolsa\pulseDet\PSOC_pulseMatchDetector\Psoc_project\pulseDet_1.cydsn\TopDesign\TopDesign.cysch (Instance:Clock_5)
HDL Generation...
Synthesis...
Tech Mapping...
ADD: pft.M0040: information: The following 1 pin(s) will be assigned a location by the fitter: inputPin_B_1(0)
Analog Placement...
Analog Routing...
Analog Code Generation...
Digital Placement...
Digital Routing...
Bitstream Generation...
Bitstream Verification...
Static timing analysis...
Warning: sta.M0019: pulseDet_1_timing.html: Warning-1366: Setup time violation found in a path from clock ( CyBUS_CLK ) to clock ( Clock_4 ). (File=C:\Users\lucas\Google Drive (lucas.s10@aluno.ifsc.edu.br)\ifsc\bolsa\pulseDet\PSOC_pulseMatchDetector\Psoc_project\pulseDet_1.cydsn\pulseDet_1_timing.html)
API Generation...
Dependency Generation...
Cleanup...
arm-none-eabi-gcc.exe -mcpu=cortex-m3 -mthumb -I. -IGenerated_Source\PSoC5 -Wa,-alh=.\CortexM3\ARM_GCC_541\Debug/main.lst -g -D DEBUG -D CY_CORE_ID=0 -Wall -ffunction-sections -ffat-lto-objects -Og -c main.c -o .\CortexM3\ARM_GCC_541\Debug\main.o
arm-none-eabi-ar.exe -rs .\CortexM3\ARM_GCC_541\Debug\pulseDet_1.a .\CortexM3\ARM_GCC_541\Debug\Clock_1.o .\CortexM3\ARM_GCC_541\Debug\UART_1.o .\CortexM3\ARM_GCC_541\Debug\UART_1_PM.o .\CortexM3\ARM_GCC_541\Debug\UART_1_INT.o .\CortexM3\ARM_GCC_541\Debug\UART_1_BOOT.o .\CortexM3\ARM_GCC_541\Debug\UART_1_IntClock.o .\CortexM3\ARM_GCC_541\Debug\CyDmac.o .\CortexM3\ARM_GCC_541\Debug\CyFlash.o .\CortexM3\ARM_GCC_541\Debug\CyLib.o .\CortexM3\ARM_GCC_541\Debug\cyPm.o .\CortexM3\ARM_GCC_541\Debug\CySpc.o .\CortexM3\ARM_GCC_541\Debug\cyutils.o .\CortexM3\ARM_GCC_541\Debug\cy_em_eeprom.o .\CortexM3\ARM_GCC_541\Debug\matchCounterControl_Reg_1.o .\CortexM3\ARM_GCC_541\Debug\matchCounterControl_Reg_1_PM.o .\CortexM3\ARM_GCC_541\Debug\NMatch_Reg_1.o .\CortexM3\ARM_GCC_541\Debug\inputPin_A_1.o .\CortexM3\ARM_GCC_541\Debug\inputPin_B_1.o .\CortexM3\ARM_GCC_541\Debug\isr_matchPhoton_1.o .\CortexM3\ARM_GCC_541\Debug\Clock_4.o .\CortexM3\ARM_GCC_541\Debug\Pin_1.o .\CortexM3\ARM_GCC_541\Debug\PWM_1.o .\CortexM3\ARM_GCC_541\Debug\PWM_1_PM.o .\CortexM3\ARM_GCC_541\Debug\isr_Rx_1.o .\CortexM3\ARM_GCC_541\Debug\Clock_5.o .\CortexM3\ARM_GCC_541\Debug\count_th_Reg_1.o .\CortexM3\ARM_GCC_541\Debug\count_th_Reg_1_PM.o .\CortexM3\ARM_GCC_541\Debug\CyBootAsmGnu.o
arm-none-eabi-ar.exe: creating .\CortexM3\ARM_GCC_541\Debug\pulseDet_1.a
arm-none-eabi-gcc.exe -Wl,--start-group -o "C:\Users\lucas\Google Drive (lucas.s10@aluno.ifsc.edu.br)\ifsc\bolsa\pulseDet\PSOC_pulseMatchDetector\Psoc_project\pulseDet_1.cydsn\CortexM3\ARM_GCC_541\Debug\pulseDet_1.elf" .\CortexM3\ARM_GCC_541\Debug\main.o .\CortexM3\ARM_GCC_541\Debug\cyfitter_cfg.o .\CortexM3\ARM_GCC_541\Debug\cymetadata.o .\CortexM3\ARM_GCC_541\Debug\Cm3Start.o .\CortexM3\ARM_GCC_541\Debug\pulseDet_1.a "C:\Program Files (x86)\Cypress\PSoC Creator\4.2\PSoC Creator\psoc\content\cycomponentlibrary\CyComponentLibrary.cylib\CortexM3\ARM_GCC_541\Debug\CyComponentLibrary.a" -mcpu=cortex-m3 -mthumb -L Generated_Source\PSoC5 -Wl,-Map,.\CortexM3\ARM_GCC_541\Debug/pulseDet_1.map -T Generated_Source\PSoC5\cm3gcc.ld -specs=nano.specs -Wl,--gc-sections -g -ffunction-sections -Og -ffat-lto-objects -Wl,--end-group
cyelftool.exe -C "C:\Users\lucas\Google Drive (lucas.s10@aluno.ifsc.edu.br)\ifsc\bolsa\pulseDet\PSOC_pulseMatchDetector\Psoc_project\pulseDet_1.cydsn\CortexM3\ARM_GCC_541\Debug\pulseDet_1.elf" --flash_row_size 256 --flash_size 262144 --flash_offset 0x00000000
No ELF section .cychecksum found, creating one
Application checksum calculated and stored in ELF section .cychecksum
Checksum calculated and stored in ELF section .cymeta
cyelftool.exe -S "C:\Users\lucas\Google Drive (lucas.s10@aluno.ifsc.edu.br)\ifsc\bolsa\pulseDet\PSOC_pulseMatchDetector\Psoc_project\pulseDet_1.cydsn\CortexM3\ARM_GCC_541\Debug\pulseDet_1.elf"
Flash used: 2174 of 262144 bytes (0,8%).
SRAM used: 2545 of 65536 bytes (3,9%). Stack: 2048 bytes. Heap: 128 bytes.
--------------- Build Succeeded: 07/26/2018 02:20:30 ---------------
