--------------- Clean Started: 07/25/2018 15:41:37 Project: pulseDet_1, Configuration: ARM GCC 5.4-2016-q2-update Debug ---------------
Deleting file ".\CortexM3\ARM_GCC_541\Debug\main.o"
Deleting file ".\CortexM3\ARM_GCC_541\Debug\cyfitter_cfg.o"
Deleting file ".\CortexM3\ARM_GCC_541\Debug\cymetadata.o"
Deleting file ".\CortexM3\ARM_GCC_541\Debug\Clock_1.o"
Deleting file ".\CortexM3\ARM_GCC_541\Debug\UART_1.o"
Deleting file ".\CortexM3\ARM_GCC_541\Debug\UART_1_PM.o"
Deleting file ".\CortexM3\ARM_GCC_541\Debug\UART_1_INT.o"
Deleting file ".\CortexM3\ARM_GCC_541\Debug\UART_1_BOOT.o"
Deleting file ".\CortexM3\ARM_GCC_541\Debug\UART_1_IntClock.o"
Deleting file ".\CortexM3\ARM_GCC_541\Debug\Cm3Start.o"
Deleting file ".\CortexM3\ARM_GCC_541\Debug\CyBootAsmGnu.o"
Deleting file ".\CortexM3\ARM_GCC_541\Debug\CyDmac.o"
Deleting file ".\CortexM3\ARM_GCC_541\Debug\CyFlash.o"
Deleting file ".\CortexM3\ARM_GCC_541\Debug\CyLib.o"
Deleting file ".\CortexM3\ARM_GCC_541\Debug\cyPm.o"
Deleting file ".\CortexM3\ARM_GCC_541\Debug\CySpc.o"
Deleting file ".\CortexM3\ARM_GCC_541\Debug\cyutils.o"
Deleting file ".\CortexM3\ARM_GCC_541\Debug\cy_em_eeprom.o"
Deleting file ".\CortexM3\ARM_GCC_541\Debug\matchCounterControl_Reg_1.o"
Deleting file ".\CortexM3\ARM_GCC_541\Debug\matchCounterControl_Reg_1_PM.o"
Deleting file ".\CortexM3\ARM_GCC_541\Debug\NMatch_Reg_1.o"
Deleting file ".\CortexM3\ARM_GCC_541\Debug\inputPin_A_1.o"
Deleting file ".\CortexM3\ARM_GCC_541\Debug\inputPin_B_1.o"
Deleting file ".\CortexM3\ARM_GCC_541\Debug\Clock_2.o"
Deleting file ".\CortexM3\ARM_GCC_541\Debug\isr_matchPhoton_1.o"
Deleting file ".\CortexM3\ARM_GCC_541\Debug\Clock_4.o"
Deleting file ".\CortexM3\ARM_GCC_541\Debug\Pin_1.o"
Deleting file ".\CortexM3\ARM_GCC_541\Debug\PWM_1.o"
Deleting file ".\CortexM3\ARM_GCC_541\Debug\PWM_1_PM.o"
Deleting file ".\CortexM3\ARM_GCC_541\Debug\isr_Rx_1.o"
Deleting file ".\CortexM3\ARM_GCC_541\Debug\Clock_5.o"
Deleting file ".\CortexM3\ARM_GCC_541\Debug\count_th_Reg_1.o"
Deleting file ".\CortexM3\ARM_GCC_541\Debug\count_th_Reg_1_PM.o"
Deleting file ".\CortexM3\ARM_GCC_541\Debug\count_top_Reg_1.o"
Deleting file ".\CortexM3\ARM_GCC_541\Debug\count_top_Reg_1_PM.o"
Deleting file ".\CortexM3\ARM_GCC_541\Debug\pulseDet_1.hex"
Deleting file ".\CortexM3\ARM_GCC_541\Debug\pulseDet_1.elf"
Deleting file ".\CortexM3\ARM_GCC_541\Debug\pulseDet_1.map"
Deleting file ".\pulseDet_1.cycdx"
Deleting file ".\pulseDet_1.svd"
Deleting file ".\pulseDet_1.rpt"
Deleting file ".\pulseDet_1_timing.html"
Deleting file ".\CortexM3\ARM_GCC_541\Debug\.deps\SOURCE_C__ARM_GCC_GENERIC.P"
Deleting file ".\CortexM3\ARM_GCC_541\Debug\.deps\SOURCE_ASM__ARM_GCC_GENERIC.P"
--------------- Clean Succeeded: 07/25/2018 15:41:37 ---------------
