ARM GAS  C:\Users\lucas\AppData\Local\Temp\ccDu0U7f.s 			page 1


   1              		.syntax unified
   2              		.cpu cortex-m3
   3              		.fpu softvfp
   4              		.eabi_attribute 20, 1
   5              		.eabi_attribute 21, 1
   6              		.eabi_attribute 23, 3
   7              		.eabi_attribute 24, 1
   8              		.eabi_attribute 25, 1
   9              		.eabi_attribute 26, 1
  10              		.eabi_attribute 30, 1
  11              		.eabi_attribute 34, 1
  12              		.eabi_attribute 18, 4
  13              		.thumb
  14              		.syntax unified
  15              		.file	"cymetadata.c"
  16              		.text
  17              	.Ltext0:
  18              		.cfi_sections	.debug_frame
  19              		.global	cy_metadata
  20              		.global	cy_meta_flashprotect
  21              		.global	cy_meta_wonvl
  22              		.global	cy_meta_custnvl
  23              		.global	cy_meta_configecc
  24              		.section	.cyconfigecc,"a",%progbits
  25              		.align	2
  26              		.type	cy_meta_configecc, %object
  27              		.size	cy_meta_configecc, 1396
  28              	cy_meta_configecc:
  29 0000 02       		.byte	2
  30 0001 4F       		.byte	79
  31 0002 00       		.byte	0
  32 0003 40       		.byte	64
  33 0004 02       		.byte	2
  34 0005 64       		.byte	100
  35 0006 00       		.byte	0
  36 0007 40       		.byte	64
  37 0008 01       		.byte	1
  38 0009 65       		.byte	101
  39 000a 00       		.byte	0
  40 000b 40       		.byte	64
  41 000c 04       		.byte	4
  42 000d 06       		.byte	6
  43 000e 01       		.byte	1
  44 000f 40       		.byte	64
  45 0010 03       		.byte	3
  46 0011 07       		.byte	7
  47 0012 01       		.byte	1
  48 0013 40       		.byte	64
  49 0014 43       		.byte	67
  50 0015 08       		.byte	8
  51 0016 01       		.byte	1
  52 0017 40       		.byte	64
  53 0018 35       		.byte	53
  54 0019 09       		.byte	9
  55 001a 01       		.byte	1
  56 001b 40       		.byte	64
  57 001c 68       		.byte	104
ARM GAS  C:\Users\lucas\AppData\Local\Temp\ccDu0U7f.s 			page 2


  58 001d 0A       		.byte	10
  59 001e 01       		.byte	1
  60 001f 40       		.byte	64
  61 0020 37       		.byte	55
  62 0021 0B       		.byte	11
  63 0022 01       		.byte	1
  64 0023 40       		.byte	64
  65 0024 02       		.byte	2
  66 0025 0D       		.byte	13
  67 0026 01       		.byte	1
  68 0027 40       		.byte	64
  69 0028 01       		.byte	1
  70 0029 15       		.byte	21
  71 002a 01       		.byte	1
  72 002b 40       		.byte	64
  73 002c 02       		.byte	2
  74 002d 17       		.byte	23
  75 002e 01       		.byte	1
  76 002f 40       		.byte	64
  77 0030 51       		.byte	81
  78 0031 18       		.byte	24
  79 0032 01       		.byte	1
  80 0033 40       		.byte	64
  81 0034 4A       		.byte	74
  82 0035 19       		.byte	25
  83 0036 01       		.byte	1
  84 0037 40       		.byte	64
  85 0038 35       		.byte	53
  86 0039 1A       		.byte	26
  87 003a 01       		.byte	1
  88 003b 40       		.byte	64
  89 003c 49       		.byte	73
  90 003d 1B       		.byte	27
  91 003e 01       		.byte	1
  92 003f 40       		.byte	64
  93 0040 03       		.byte	3
  94 0041 40       		.byte	64
  95 0042 01       		.byte	1
  96 0043 40       		.byte	64
  97 0044 01       		.byte	1
  98 0045 41       		.byte	65
  99 0046 01       		.byte	1
 100 0047 40       		.byte	64
 101 0048 01       		.byte	1
 102 0049 42       		.byte	66
 103 004a 01       		.byte	1
 104 004b 40       		.byte	64
 105 004c 0B       		.byte	11
 106 004d 43       		.byte	67
 107 004e 01       		.byte	1
 108 004f 40       		.byte	64
 109 0050 02       		.byte	2
 110 0051 44       		.byte	68
 111 0052 01       		.byte	1
 112 0053 40       		.byte	64
 113 0054 04       		.byte	4
 114 0055 45       		.byte	69
ARM GAS  C:\Users\lucas\AppData\Local\Temp\ccDu0U7f.s 			page 3


 115 0056 01       		.byte	1
 116 0057 40       		.byte	64
 117 0058 01       		.byte	1
 118 0059 46       		.byte	70
 119 005a 01       		.byte	1
 120 005b 40       		.byte	64
 121 005c 01       		.byte	1
 122 005d 47       		.byte	71
 123 005e 01       		.byte	1
 124 005f 40       		.byte	64
 125 0060 04       		.byte	4
 126 0061 48       		.byte	72
 127 0062 01       		.byte	1
 128 0063 40       		.byte	64
 129 0064 02       		.byte	2
 130 0065 49       		.byte	73
 131 0066 01       		.byte	1
 132 0067 40       		.byte	64
 133 0068 02       		.byte	2
 134 0069 4C       		.byte	76
 135 006a 01       		.byte	1
 136 006b 40       		.byte	64
 137 006c 04       		.byte	4
 138 006d 4D       		.byte	77
 139 006e 01       		.byte	1
 140 006f 40       		.byte	64
 141 0070 06       		.byte	6
 142 0071 50       		.byte	80
 143 0072 01       		.byte	1
 144 0073 40       		.byte	64
 145 0074 01       		.byte	1
 146 0075 51       		.byte	81
 147 0076 01       		.byte	1
 148 0077 40       		.byte	64
 149 0078 01       		.byte	1
 150 0079 30       		.byte	48
 151 007a 0A       		.byte	10
 152 007b 1E       		.byte	30
 153 007c 88       		.byte	-120
 154 007d 38       		.byte	56
 155 007e 89       		.byte	-119
 156 007f 0F       		.byte	15
 157 0080 88       		.byte	-120
 158 0081 72       		.byte	114
 159 0082 38       		.byte	56
 160 0083 08       		.byte	8
 161 0084 3E       		.byte	62
 162 0085 04       		.byte	4
 163 0086 58       		.byte	88
 164 0087 04       		.byte	4
 165 0088 5F       		.byte	95
 166 0089 01       		.byte	1
 167 008a 1F       		.byte	31
 168 008b 08       		.byte	8
 169 008c E2       		.byte	-30
 170 008d 01       		.byte	1
 171 008e E6       		.byte	-26
ARM GAS  C:\Users\lucas\AppData\Local\Temp\ccDu0U7f.s 			page 4


 172 008f 02       		.byte	2
 173 0090 02       		.byte	2
 174 0091 02       		.byte	2
 175 0092 05       		.byte	5
 176 0093 1F       		.byte	31
 177 0094 06       		.byte	6
 178 0095 01       		.byte	1
 179 0096 09       		.byte	9
 180 0097 16       		.byte	22
 181 0098 0B       		.byte	11
 182 0099 09       		.byte	9
 183 009a 11       		.byte	17
 184 009b 19       		.byte	25
 185 009c 12       		.byte	18
 186 009d 01       		.byte	1
 187 009e 13       		.byte	19
 188 009f 06       		.byte	6
 189 00a0 15       		.byte	21
 190 00a1 17       		.byte	23
 191 00a2 17       		.byte	23
 192 00a3 08       		.byte	8
 193 00a4 23       		.byte	35
 194 00a5 01       		.byte	1
 195 00a6 25       		.byte	37
 196 00a7 06       		.byte	6
 197 00a8 29       		.byte	41
 198 00a9 02       		.byte	2
 199 00aa 2A       		.byte	42
 200 00ab 02       		.byte	2
 201 00ac 2D       		.byte	45
 202 00ad 04       		.byte	4
 203 00ae 30       		.byte	48
 204 00af 02       		.byte	2
 205 00b0 32       		.byte	50
 206 00b1 01       		.byte	1
 207 00b2 33       		.byte	51
 208 00b3 07       		.byte	7
 209 00b4 35       		.byte	53
 210 00b5 08       		.byte	8
 211 00b6 37       		.byte	55
 212 00b7 10       		.byte	16
 213 00b8 39       		.byte	57
 214 00b9 20       		.byte	32
 215 00ba 3E       		.byte	62
 216 00bb 05       		.byte	5
 217 00bc 3F       		.byte	63
 218 00bd 40       		.byte	64
 219 00be 54       		.byte	84
 220 00bf 18       		.byte	24
 221 00c0 56       		.byte	86
 222 00c1 04       		.byte	4
 223 00c2 58       		.byte	88
 224 00c3 04       		.byte	4
 225 00c4 59       		.byte	89
 226 00c5 04       		.byte	4
 227 00c6 5B       		.byte	91
 228 00c7 04       		.byte	4
ARM GAS  C:\Users\lucas\AppData\Local\Temp\ccDu0U7f.s 			page 5


 229 00c8 5C       		.byte	92
 230 00c9 10       		.byte	16
 231 00ca 5D       		.byte	93
 232 00cb 10       		.byte	16
 233 00cc 5F       		.byte	95
 234 00cd 01       		.byte	1
 235 00ce 80       		.byte	-128
 236 00cf 56       		.byte	86
 237 00d0 81       		.byte	-127
 238 00d1 05       		.byte	5
 239 00d2 82       		.byte	-126
 240 00d3 A9       		.byte	-87
 241 00d4 83       		.byte	-125
 242 00d5 0A       		.byte	10
 243 00d6 85       		.byte	-123
 244 00d7 10       		.byte	16
 245 00d8 86       		.byte	-122
 246 00d9 96       		.byte	-106
 247 00da 8E       		.byte	-114
 248 00db 0A       		.byte	10
 249 00dc 8F       		.byte	-113
 250 00dd 05       		.byte	5
 251 00de 92       		.byte	-110
 252 00df 56       		.byte	86
 253 00e0 93       		.byte	-109
 254 00e1 09       		.byte	9
 255 00e2 96       		.byte	-106
 256 00e3 56       		.byte	86
 257 00e4 9B       		.byte	-101
 258 00e5 05       		.byte	5
 259 00e6 9E       		.byte	-98
 260 00e7 26       		.byte	38
 261 00e8 9F       		.byte	-97
 262 00e9 02       		.byte	2
 263 00ea A2       		.byte	-94
 264 00eb 56       		.byte	86
 265 00ec A3       		.byte	-93
 266 00ed 05       		.byte	5
 267 00ee A6       		.byte	-90
 268 00ef 01       		.byte	1
 269 00f0 AA       		.byte	-86
 270 00f1 56       		.byte	86
 271 00f2 AE       		.byte	-82
 272 00f3 56       		.byte	86
 273 00f4 B0       		.byte	-80
 274 00f5 0C       		.byte	12
 275 00f6 B1       		.byte	-79
 276 00f7 0C       		.byte	12
 277 00f8 B2       		.byte	-78
 278 00f9 03       		.byte	3
 279 00fa B3       		.byte	-77
 280 00fb 10       		.byte	16
 281 00fc B4       		.byte	-76
 282 00fd C0       		.byte	-64
 283 00fe B6       		.byte	-74
 284 00ff 30       		.byte	48
 285 0100 B7       		.byte	-73
ARM GAS  C:\Users\lucas\AppData\Local\Temp\ccDu0U7f.s 			page 6


 286 0101 03       		.byte	3
 287 0102 BA       		.byte	-70
 288 0103 AA       		.byte	-86
 289 0104 BB       		.byte	-69
 290 0105 82       		.byte	-126
 291 0106 BF       		.byte	-65
 292 0107 04       		.byte	4
 293 0108 D4       		.byte	-44
 294 0109 01       		.byte	1
 295 010a D8       		.byte	-40
 296 010b 04       		.byte	4
 297 010c D9       		.byte	-39
 298 010d 04       		.byte	4
 299 010e DB       		.byte	-37
 300 010f 04       		.byte	4
 301 0110 DC       		.byte	-36
 302 0111 22       		.byte	34
 303 0112 DD       		.byte	-35
 304 0113 10       		.byte	16
 305 0114 DF       		.byte	-33
 306 0115 01       		.byte	1
 307 0116 00       		.byte	0
 308 0117 01       		.byte	1
 309 0118 03       		.byte	3
 310 0119 22       		.byte	34
 311 011a 04       		.byte	4
 312 011b 08       		.byte	8
 313 011c 06       		.byte	6
 314 011d 40       		.byte	64
 315 011e 0A       		.byte	10
 316 011f A1       		.byte	-95
 317 0120 0C       		.byte	12
 318 0121 02       		.byte	2
 319 0122 12       		.byte	18
 320 0123 AA       		.byte	-86
 321 0124 14       		.byte	20
 322 0125 04       		.byte	4
 323 0126 17       		.byte	23
 324 0127 10       		.byte	16
 325 0128 1A       		.byte	26
 326 0129 03       		.byte	3
 327 012a 1B       		.byte	27
 328 012b 2A       		.byte	42
 329 012c 1F       		.byte	31
 330 012d 05       		.byte	5
 331 012e 20       		.byte	32
 332 012f 80       		.byte	-128
 333 0130 22       		.byte	34
 334 0131 46       		.byte	70
 335 0132 24       		.byte	36
 336 0133 08       		.byte	8
 337 0134 26       		.byte	38
 338 0135 40       		.byte	64
 339 0136 27       		.byte	39
 340 0137 10       		.byte	16
 341 0138 29       		.byte	41
 342 0139 02       		.byte	2
ARM GAS  C:\Users\lucas\AppData\Local\Temp\ccDu0U7f.s 			page 7


 343 013a 2D       		.byte	45
 344 013b A8       		.byte	-88
 345 013c 2F       		.byte	47
 346 013d 80       		.byte	-128
 347 013e 32       		.byte	50
 348 013f 52       		.byte	82
 349 0140 36       		.byte	54
 350 0141 04       		.byte	4
 351 0142 37       		.byte	55
 352 0143 01       		.byte	1
 353 0144 38       		.byte	56
 354 0145 05       		.byte	5
 355 0146 39       		.byte	57
 356 0147 40       		.byte	64
 357 0148 3A       		.byte	58
 358 0149 04       		.byte	4
 359 014a 3D       		.byte	61
 360 014b 28       		.byte	40
 361 014c 58       		.byte	88
 362 014d 20       		.byte	32
 363 014e 59       		.byte	89
 364 014f 41       		.byte	65
 365 0150 5A       		.byte	90
 366 0151 08       		.byte	8
 367 0152 5F       		.byte	95
 368 0153 02       		.byte	2
 369 0154 67       		.byte	103
 370 0155 4A       		.byte	74
 371 0156 69       		.byte	105
 372 0157 40       		.byte	64
 373 0158 6A       		.byte	106
 374 0159 40       		.byte	64
 375 015a 6B       		.byte	107
 376 015b 24       		.byte	36
 377 015c 82       		.byte	-126
 378 015d 68       		.byte	104
 379 015e 83       		.byte	-125
 380 015f 0C       		.byte	12
 381 0160 87       		.byte	-121
 382 0161 40       		.byte	64
 383 0162 92       		.byte	-110
 384 0163 20       		.byte	32
 385 0164 94       		.byte	-108
 386 0165 01       		.byte	1
 387 0166 95       		.byte	-107
 388 0167 40       		.byte	64
 389 0168 98       		.byte	-104
 390 0169 20       		.byte	32
 391 016a 99       		.byte	-103
 392 016b 42       		.byte	66
 393 016c 9A       		.byte	-102
 394 016d 04       		.byte	4
 395 016e A6       		.byte	-90
 396 016f 80       		.byte	-128
 397 0170 C0       		.byte	-64
 398 0171 3D       		.byte	61
 399 0172 C2       		.byte	-62
ARM GAS  C:\Users\lucas\AppData\Local\Temp\ccDu0U7f.s 			page 8


 400 0173 1D       		.byte	29
 401 0174 C4       		.byte	-60
 402 0175 4F       		.byte	79
 403 0176 CA       		.byte	-54
 404 0177 F1       		.byte	-15
 405 0178 CC       		.byte	-52
 406 0179 CD       		.byte	-51
 407 017a CE       		.byte	-50
 408 017b 6B       		.byte	107
 409 017c D6       		.byte	-42
 410 017d 8F       		.byte	-113
 411 017e D8       		.byte	-40
 412 017f B0       		.byte	-80
 413 0180 00       		.byte	0
 414 0181 0D       		.byte	13
 415 0182 02       		.byte	2
 416 0183 02       		.byte	2
 417 0184 05       		.byte	5
 418 0185 03       		.byte	3
 419 0186 07       		.byte	7
 420 0187 04       		.byte	4
 421 0188 0C       		.byte	12
 422 0189 04       		.byte	4
 423 018a 0E       		.byte	14
 424 018b 09       		.byte	9
 425 018c 10       		.byte	16
 426 018d 10       		.byte	16
 427 018e 11       		.byte	17
 428 018f 03       		.byte	3
 429 0190 13       		.byte	19
 430 0191 0C       		.byte	12
 431 0192 15       		.byte	21
 432 0193 03       		.byte	3
 433 0194 16       		.byte	22
 434 0195 02       		.byte	2
 435 0196 17       		.byte	23
 436 0197 04       		.byte	4
 437 0198 1A       		.byte	26
 438 0199 10       		.byte	16
 439 019a 1D       		.byte	29
 440 019b 0A       		.byte	10
 441 019c 1F       		.byte	31
 442 019d 04       		.byte	4
 443 019e 20       		.byte	32
 444 019f 08       		.byte	8
 445 01a0 22       		.byte	34
 446 01a1 05       		.byte	5
 447 01a2 26       		.byte	38
 448 01a3 10       		.byte	16
 449 01a4 27       		.byte	39
 450 01a5 05       		.byte	5
 451 01a6 28       		.byte	40
 452 01a7 10       		.byte	16
 453 01a8 2E       		.byte	46
 454 01a9 10       		.byte	16
 455 01aa 2F       		.byte	47
 456 01ab 08       		.byte	8
ARM GAS  C:\Users\lucas\AppData\Local\Temp\ccDu0U7f.s 			page 9


 457 01ac 30       		.byte	48
 458 01ad 0C       		.byte	12
 459 01ae 31       		.byte	49
 460 01af 0F       		.byte	15
 461 01b0 32       		.byte	50
 462 01b1 03       		.byte	3
 463 01b2 36       		.byte	54
 464 01b3 10       		.byte	16
 465 01b4 3A       		.byte	58
 466 01b5 08       		.byte	8
 467 01b6 3B       		.byte	59
 468 01b7 02       		.byte	2
 469 01b8 3E       		.byte	62
 470 01b9 40       		.byte	64
 471 01ba 40       		.byte	64
 472 01bb 52       		.byte	82
 473 01bc 41       		.byte	65
 474 01bd 03       		.byte	3
 475 01be 45       		.byte	69
 476 01bf 0C       		.byte	12
 477 01c0 46       		.byte	70
 478 01c1 B0       		.byte	-80
 479 01c2 47       		.byte	71
 480 01c3 0E       		.byte	14
 481 01c4 48       		.byte	72
 482 01c5 19       		.byte	25
 483 01c6 49       		.byte	73
 484 01c7 FF       		.byte	-1
 485 01c8 4A       		.byte	74
 486 01c9 FF       		.byte	-1
 487 01ca 4B       		.byte	75
 488 01cb FF       		.byte	-1
 489 01cc 4E       		.byte	78
 490 01cd F0       		.byte	-16
 491 01ce 4F       		.byte	79
 492 01cf 44       		.byte	68
 493 01d0 50       		.byte	80
 494 01d1 0C       		.byte	12
 495 01d2 58       		.byte	88
 496 01d3 04       		.byte	4
 497 01d4 59       		.byte	89
 498 01d5 04       		.byte	4
 499 01d6 5A       		.byte	90
 500 01d7 04       		.byte	4
 501 01d8 5C       		.byte	92
 502 01d9 12       		.byte	18
 503 01da 5D       		.byte	93
 504 01db 01       		.byte	1
 505 01dc 5F       		.byte	95
 506 01dd 01       		.byte	1
 507 01de 66       		.byte	102
 508 01df C0       		.byte	-64
 509 01e0 6A       		.byte	106
 510 01e1 40       		.byte	64
 511 01e2 6B       		.byte	107
 512 01e3 02       		.byte	2
 513 01e4 80       		.byte	-128
ARM GAS  C:\Users\lucas\AppData\Local\Temp\ccDu0U7f.s 			page 10


 514 01e5 5C       		.byte	92
 515 01e6 82       		.byte	-126
 516 01e7 02       		.byte	2
 517 01e8 83       		.byte	-125
 518 01e9 08       		.byte	8
 519 01ea 84       		.byte	-124
 520 01eb 14       		.byte	20
 521 01ec 89       		.byte	-119
 522 01ed 20       		.byte	32
 523 01ee 8B       		.byte	-117
 524 01ef 03       		.byte	3
 525 01f0 8C       		.byte	-116
 526 01f1 09       		.byte	9
 527 01f2 8E       		.byte	-114
 528 01f3 10       		.byte	16
 529 01f4 91       		.byte	-111
 530 01f5 11       		.byte	17
 531 01f6 92       		.byte	-110
 532 01f7 03       		.byte	3
 533 01f8 93       		.byte	-109
 534 01f9 86       		.byte	-122
 535 01fa 95       		.byte	-107
 536 01fb 11       		.byte	17
 537 01fc 96       		.byte	-106
 538 01fd 20       		.byte	32
 539 01fe 97       		.byte	-105
 540 01ff 0E       		.byte	14
 541 0200 9C       		.byte	-100
 542 0201 10       		.byte	16
 543 0202 9D       		.byte	-99
 544 0203 40       		.byte	64
 545 0204 A0       		.byte	-96
 546 0205 70       		.byte	112
 547 0206 A1       		.byte	-95
 548 0207 8C       		.byte	-116
 549 0208 A2       		.byte	-94
 550 0209 0C       		.byte	12
 551 020a A3       		.byte	-93
 552 020b 13       		.byte	19
 553 020c A4       		.byte	-92
 554 020d 6C       		.byte	108
 555 020e A6       		.byte	-90
 556 020f 11       		.byte	17
 557 0210 AF       		.byte	-81
 558 0211 8C       		.byte	-116
 559 0212 B0       		.byte	-80
 560 0213 1F       		.byte	31
 561 0214 B1       		.byte	-79
 562 0215 0F       		.byte	15
 563 0216 B2       		.byte	-78
 564 0217 60       		.byte	96
 565 0218 B3       		.byte	-77
 566 0219 40       		.byte	64
 567 021a B5       		.byte	-75
 568 021b 8A       		.byte	-118
 569 021c B7       		.byte	-73
 570 021d 30       		.byte	48
ARM GAS  C:\Users\lucas\AppData\Local\Temp\ccDu0U7f.s 			page 11


 571 021e B8       		.byte	-72
 572 021f 08       		.byte	8
 573 0220 B9       		.byte	-71
 574 0221 80       		.byte	-128
 575 0222 BB       		.byte	-69
 576 0223 22       		.byte	34
 577 0224 BE       		.byte	-66
 578 0225 04       		.byte	4
 579 0226 BF       		.byte	-65
 580 0227 04       		.byte	4
 581 0228 C0       		.byte	-64
 582 0229 03       		.byte	3
 583 022a C5       		.byte	-59
 584 022b 40       		.byte	64
 585 022c C9       		.byte	-55
 586 022d FF       		.byte	-1
 587 022e CA       		.byte	-54
 588 022f 07       		.byte	7
 589 0230 CB       		.byte	-53
 590 0231 FF       		.byte	-1
 591 0232 CC       		.byte	-52
 592 0233 40       		.byte	64
 593 0234 CD       		.byte	-51
 594 0235 20       		.byte	32
 595 0236 CE       		.byte	-50
 596 0237 F0       		.byte	-16
 597 0238 CF       		.byte	-49
 598 0239 05       		.byte	5
 599 023a D0       		.byte	-48
 600 023b 08       		.byte	8
 601 023c D8       		.byte	-40
 602 023d 04       		.byte	4
 603 023e D9       		.byte	-39
 604 023f 04       		.byte	4
 605 0240 DA       		.byte	-38
 606 0241 04       		.byte	4
 607 0242 DC       		.byte	-36
 608 0243 11       		.byte	17
 609 0244 DD       		.byte	-35
 610 0245 01       		.byte	1
 611 0246 DF       		.byte	-33
 612 0247 01       		.byte	1
 613 0248 E0       		.byte	-32
 614 0249 40       		.byte	64
 615 024a E1       		.byte	-31
 616 024b A8       		.byte	-88
 617 024c E2       		.byte	-30
 618 024d 40       		.byte	64
 619 024e E3       		.byte	-29
 620 024f 20       		.byte	32
 621 0250 00       		.byte	0
 622 0251 01       		.byte	1
 623 0252 01       		.byte	1
 624 0253 40       		.byte	64
 625 0254 05       		.byte	5
 626 0255 80       		.byte	-128
 627 0256 06       		.byte	6
ARM GAS  C:\Users\lucas\AppData\Local\Temp\ccDu0U7f.s 			page 12


 628 0257 10       		.byte	16
 629 0258 07       		.byte	7
 630 0259 42       		.byte	66
 631 025a 08       		.byte	8
 632 025b 20       		.byte	32
 633 025c 09       		.byte	9
 634 025d 02       		.byte	2
 635 025e 0A       		.byte	10
 636 025f 20       		.byte	32
 637 0260 0B       		.byte	11
 638 0261 04       		.byte	4
 639 0262 0E       		.byte	14
 640 0263 80       		.byte	-128
 641 0264 0F       		.byte	15
 642 0265 22       		.byte	34
 643 0266 10       		.byte	16
 644 0267 20       		.byte	32
 645 0268 11       		.byte	17
 646 0269 20       		.byte	32
 647 026a 12       		.byte	18
 648 026b 80       		.byte	-128
 649 026c 13       		.byte	19
 650 026d 80       		.byte	-128
 651 026e 15       		.byte	21
 652 026f 02       		.byte	2
 653 0270 17       		.byte	23
 654 0271 04       		.byte	4
 655 0272 19       		.byte	25
 656 0273 42       		.byte	66
 657 0274 1A       		.byte	26
 658 0275 20       		.byte	32
 659 0276 1D       		.byte	29
 660 0277 08       		.byte	8
 661 0278 1E       		.byte	30
 662 0279 80       		.byte	-128
 663 027a 21       		.byte	33
 664 027b 03       		.byte	3
 665 027c 22       		.byte	34
 666 027d 02       		.byte	2
 667 027e 24       		.byte	36
 668 027f 20       		.byte	32
 669 0280 25       		.byte	37
 670 0281 10       		.byte	16
 671 0282 27       		.byte	39
 672 0283 C6       		.byte	-58
 673 0284 29       		.byte	41
 674 0285 80       		.byte	-128
 675 0286 2B       		.byte	43
 676 0287 10       		.byte	16
 677 0288 2D       		.byte	45
 678 0289 80       		.byte	-128
 679 028a 2F       		.byte	47
 680 028b 80       		.byte	-128
 681 028c 31       		.byte	49
 682 028d 02       		.byte	2
 683 028e 33       		.byte	51
 684 028f C4       		.byte	-60
ARM GAS  C:\Users\lucas\AppData\Local\Temp\ccDu0U7f.s 			page 13


 685 0290 36       		.byte	54
 686 0291 42       		.byte	66
 687 0292 37       		.byte	55
 688 0293 04       		.byte	4
 689 0294 3B       		.byte	59
 690 0295 04       		.byte	4
 691 0296 3F       		.byte	63
 692 0297 22       		.byte	34
 693 0298 41       		.byte	65
 694 0299 20       		.byte	32
 695 029a 43       		.byte	67
 696 029b 04       		.byte	4
 697 029c 45       		.byte	69
 698 029d 08       		.byte	8
 699 029e 4A       		.byte	74
 700 029f 02       		.byte	2
 701 02a0 4B       		.byte	75
 702 02a1 04       		.byte	4
 703 02a2 4F       		.byte	79
 704 02a3 02       		.byte	2
 705 02a4 52       		.byte	82
 706 02a5 14       		.byte	20
 707 02a6 54       		.byte	84
 708 02a7 20       		.byte	32
 709 02a8 55       		.byte	85
 710 02a9 20       		.byte	32
 711 02aa 57       		.byte	87
 712 02ab 10       		.byte	16
 713 02ac 94       		.byte	-108
 714 02ad 20       		.byte	32
 715 02ae C0       		.byte	-64
 716 02af B9       		.byte	-71
 717 02b0 C2       		.byte	-62
 718 02b1 BE       		.byte	-66
 719 02b2 C4       		.byte	-60
 720 02b3 3F       		.byte	63
 721 02b4 CA       		.byte	-54
 722 02b5 9A       		.byte	-102
 723 02b6 CC       		.byte	-52
 724 02b7 DB       		.byte	-37
 725 02b8 CE       		.byte	-50
 726 02b9 A2       		.byte	-94
 727 02ba D0       		.byte	-48
 728 02bb 46       		.byte	70
 729 02bc D2       		.byte	-46
 730 02bd 08       		.byte	8
 731 02be 94       		.byte	-108
 732 02bf 20       		.byte	32
 733 02c0 B4       		.byte	-76
 734 02c1 10       		.byte	16
 735 02c2 EE       		.byte	-18
 736 02c3 08       		.byte	8
 737 02c4 AB       		.byte	-85
 738 02c5 08       		.byte	8
 739 02c6 E8       		.byte	-24
 740 02c7 10       		.byte	16
 741 02c8 01       		.byte	1
ARM GAS  C:\Users\lucas\AppData\Local\Temp\ccDu0U7f.s 			page 14


 742 02c9 07       		.byte	7
 743 02ca 03       		.byte	3
 744 02cb 18       		.byte	24
 745 02cc 05       		.byte	5
 746 02cd 7C       		.byte	124
 747 02ce 0B       		.byte	11
 748 02cf 03       		.byte	3
 749 02d0 11       		.byte	17
 750 02d1 03       		.byte	3
 751 02d2 17       		.byte	23
 752 02d3 03       		.byte	3
 753 02d4 18       		.byte	24
 754 02d5 01       		.byte	1
 755 02d6 19       		.byte	25
 756 02d7 29       		.byte	41
 757 02d8 1B       		.byte	27
 758 02d9 44       		.byte	68
 759 02da 23       		.byte	35
 760 02db 03       		.byte	3
 761 02dc 24       		.byte	36
 762 02dd 01       		.byte	1
 763 02de 25       		.byte	37
 764 02df 03       		.byte	3
 765 02e0 29       		.byte	41
 766 02e1 7C       		.byte	124
 767 02e2 2C       		.byte	44
 768 02e3 01       		.byte	1
 769 02e4 2D       		.byte	45
 770 02e5 52       		.byte	82
 771 02e6 2F       		.byte	47
 772 02e7 24       		.byte	36
 773 02e8 31       		.byte	49
 774 02e9 1C       		.byte	28
 775 02ea 35       		.byte	53
 776 02eb 60       		.byte	96
 777 02ec 36       		.byte	54
 778 02ed 01       		.byte	1
 779 02ee 37       		.byte	55
 780 02ef 03       		.byte	3
 781 02f0 3B       		.byte	59
 782 02f1 08       		.byte	8
 783 02f2 40       		.byte	64
 784 02f3 41       		.byte	65
 785 02f4 41       		.byte	65
 786 02f5 03       		.byte	3
 787 02f6 42       		.byte	66
 788 02f7 02       		.byte	2
 789 02f8 44       		.byte	68
 790 02f9 06       		.byte	6
 791 02fa 46       		.byte	70
 792 02fb 0C       		.byte	12
 793 02fc 47       		.byte	71
 794 02fd E0       		.byte	-32
 795 02fe 48       		.byte	72
 796 02ff 24       		.byte	36
 797 0300 49       		.byte	73
 798 0301 FF       		.byte	-1
ARM GAS  C:\Users\lucas\AppData\Local\Temp\ccDu0U7f.s 			page 15


 799 0302 4A       		.byte	74
 800 0303 FF       		.byte	-1
 801 0304 4B       		.byte	75
 802 0305 FF       		.byte	-1
 803 0306 4C       		.byte	76
 804 0307 62       		.byte	98
 805 0308 4D       		.byte	77
 806 0309 A0       		.byte	-96
 807 030a 4E       		.byte	78
 808 030b F0       		.byte	-16
 809 030c 4F       		.byte	79
 810 030d 41       		.byte	65
 811 030e 50       		.byte	80
 812 030f 0C       		.byte	12
 813 0310 56       		.byte	86
 814 0311 02       		.byte	2
 815 0312 57       		.byte	87
 816 0313 10       		.byte	16
 817 0314 58       		.byte	88
 818 0315 04       		.byte	4
 819 0316 59       		.byte	89
 820 0317 04       		.byte	4
 821 0318 5A       		.byte	90
 822 0319 04       		.byte	4
 823 031a 5B       		.byte	91
 824 031b 04       		.byte	4
 825 031c 5C       		.byte	92
 826 031d 11       		.byte	17
 827 031e 5D       		.byte	93
 828 031f 11       		.byte	17
 829 0320 5F       		.byte	95
 830 0321 01       		.byte	1
 831 0322 66       		.byte	102
 832 0323 40       		.byte	64
 833 0324 67       		.byte	103
 834 0325 02       		.byte	2
 835 0326 69       		.byte	105
 836 0327 10       		.byte	16
 837 0328 6A       		.byte	106
 838 0329 30       		.byte	48
 839 032a 6B       		.byte	107
 840 032b 10       		.byte	16
 841 032c 6D       		.byte	109
 842 032d 10       		.byte	16
 843 032e 6E       		.byte	110
 844 032f 10       		.byte	16
 845 0330 6F       		.byte	111
 846 0331 12       		.byte	18
 847 0332 83       		.byte	-125
 848 0333 04       		.byte	4
 849 0334 88       		.byte	-120
 850 0335 03       		.byte	3
 851 0336 8A       		.byte	-118
 852 0337 0C       		.byte	12
 853 0338 8B       		.byte	-117
 854 0339 01       		.byte	1
 855 033a 8C       		.byte	-116
ARM GAS  C:\Users\lucas\AppData\Local\Temp\ccDu0U7f.s 			page 16


 856 033b 05       		.byte	5
 857 033c 8E       		.byte	-114
 858 033d 0A       		.byte	10
 859 033e 8F       		.byte	-113
 860 033f 02       		.byte	2
 861 0340 90       		.byte	-112
 862 0341 03       		.byte	3
 863 0342 91       		.byte	-111
 864 0343 01       		.byte	1
 865 0344 92       		.byte	-110
 866 0345 0C       		.byte	12
 867 0346 94       		.byte	-108
 868 0347 05       		.byte	5
 869 0348 96       		.byte	-106
 870 0349 0A       		.byte	10
 871 034a 97       		.byte	-105
 872 034b 08       		.byte	8
 873 034c 9A       		.byte	-102
 874 034d 0F       		.byte	15
 875 034e 9D       		.byte	-99
 876 034f 04       		.byte	4
 877 0350 A1       		.byte	-95
 878 0351 08       		.byte	8
 879 0352 A5       		.byte	-91
 880 0353 02       		.byte	2
 881 0354 AA       		.byte	-86
 882 0355 10       		.byte	16
 883 0356 AB       		.byte	-85
 884 0357 10       		.byte	16
 885 0358 B0       		.byte	-80
 886 0359 0F       		.byte	15
 887 035a B5       		.byte	-75
 888 035b 1F       		.byte	31
 889 035c B6       		.byte	-74
 890 035d 1F       		.byte	31
 891 035e B9       		.byte	-71
 892 035f 20       		.byte	32
 893 0360 BE       		.byte	-66
 894 0361 41       		.byte	65
 895 0362 BF       		.byte	-65
 896 0363 10       		.byte	16
 897 0364 D8       		.byte	-40
 898 0365 04       		.byte	4
 899 0366 D9       		.byte	-39
 900 0367 04       		.byte	4
 901 0368 DF       		.byte	-33
 902 0369 01       		.byte	1
 903 036a 03       		.byte	3
 904 036b 0A       		.byte	10
 905 036c 09       		.byte	9
 906 036d 28       		.byte	40
 907 036e 0A       		.byte	10
 908 036f 40       		.byte	64
 909 0370 0E       		.byte	14
 910 0371 04       		.byte	4
 911 0372 13       		.byte	19
 912 0373 20       		.byte	32
ARM GAS  C:\Users\lucas\AppData\Local\Temp\ccDu0U7f.s 			page 17


 913 0374 15       		.byte	21
 914 0375 40       		.byte	64
 915 0376 17       		.byte	23
 916 0377 04       		.byte	4
 917 0378 18       		.byte	24
 918 0379 01       		.byte	1
 919 037a 1B       		.byte	27
 920 037b 01       		.byte	1
 921 037c 1D       		.byte	29
 922 037d 80       		.byte	-128
 923 037e 1F       		.byte	31
 924 037f 80       		.byte	-128
 925 0380 21       		.byte	33
 926 0381 20       		.byte	32
 927 0382 24       		.byte	36
 928 0383 08       		.byte	8
 929 0384 25       		.byte	37
 930 0385 05       		.byte	5
 931 0386 26       		.byte	38
 932 0387 11       		.byte	17
 933 0388 27       		.byte	39
 934 0389 02       		.byte	2
 935 038a 29       		.byte	41
 936 038b 10       		.byte	16
 937 038c 2B       		.byte	43
 938 038d 60       		.byte	96
 939 038e 2C       		.byte	44
 940 038f 18       		.byte	24
 941 0390 2E       		.byte	46
 942 0391 80       		.byte	-128
 943 0392 2F       		.byte	47
 944 0393 80       		.byte	-128
 945 0394 32       		.byte	50
 946 0395 45       		.byte	69
 947 0396 36       		.byte	54
 948 0397 14       		.byte	20
 949 0398 37       		.byte	55
 950 0399 01       		.byte	1
 951 039a 38       		.byte	56
 952 039b A0       		.byte	-96
 953 039c 39       		.byte	57
 954 039d 01       		.byte	1
 955 039e 3C       		.byte	60
 956 039f 80       		.byte	-128
 957 03a0 3D       		.byte	61
 958 03a1 22       		.byte	34
 959 03a2 3E       		.byte	62
 960 03a3 04       		.byte	4
 961 03a4 3F       		.byte	63
 962 03a5 80       		.byte	-128
 963 03a6 44       		.byte	68
 964 03a7 14       		.byte	20
 965 03a8 45       		.byte	69
 966 03a9 84       		.byte	-124
 967 03aa 47       		.byte	71
 968 03ab 01       		.byte	1
 969 03ac 4D       		.byte	77
ARM GAS  C:\Users\lucas\AppData\Local\Temp\ccDu0U7f.s 			page 18


 970 03ad 10       		.byte	16
 971 03ae 54       		.byte	84
 972 03af 02       		.byte	2
 973 03b0 56       		.byte	86
 974 03b1 40       		.byte	64
 975 03b2 5E       		.byte	94
 976 03b3 80       		.byte	-128
 977 03b4 6C       		.byte	108
 978 03b5 08       		.byte	8
 979 03b6 6D       		.byte	109
 980 03b7 40       		.byte	64
 981 03b8 6E       		.byte	110
 982 03b9 04       		.byte	4
 983 03ba 6F       		.byte	111
 984 03bb 04       		.byte	4
 985 03bc 75       		.byte	117
 986 03bd A8       		.byte	-88
 987 03be 76       		.byte	118
 988 03bf 08       		.byte	8
 989 03c0 92       		.byte	-110
 990 03c1 A2       		.byte	-94
 991 03c2 94       		.byte	-108
 992 03c3 01       		.byte	1
 993 03c4 98       		.byte	-104
 994 03c5 04       		.byte	4
 995 03c6 99       		.byte	-103
 996 03c7 02       		.byte	2
 997 03c8 9B       		.byte	-101
 998 03c9 20       		.byte	32
 999 03ca 9D       		.byte	-99
 1000 03cb A8       		.byte	-88
 1001 03cc 9E       		.byte	-98
 1002 03cd 40       		.byte	64
 1003 03ce 9F       		.byte	-97
 1004 03cf 03       		.byte	3
 1005 03d0 A0       		.byte	-96
 1006 03d1 50       		.byte	80
 1007 03d2 A2       		.byte	-94
 1008 03d3 40       		.byte	64
 1009 03d4 A3       		.byte	-93
 1010 03d5 2A       		.byte	42
 1011 03d6 A4       		.byte	-92
 1012 03d7 02       		.byte	2
 1013 03d8 A5       		.byte	-91
 1014 03d9 14       		.byte	20
 1015 03da A6       		.byte	-90
 1016 03db 04       		.byte	4
 1017 03dc A7       		.byte	-89
 1018 03dd 80       		.byte	-128
 1019 03de AC       		.byte	-84
 1020 03df 10       		.byte	16
 1021 03e0 AE       		.byte	-82
 1022 03e1 01       		.byte	1
 1023 03e2 B1       		.byte	-79
 1024 03e3 02       		.byte	2
 1025 03e4 B2       		.byte	-78
 1026 03e5 80       		.byte	-128
ARM GAS  C:\Users\lucas\AppData\Local\Temp\ccDu0U7f.s 			page 19


 1027 03e6 B4       		.byte	-76
 1028 03e7 04       		.byte	4
 1029 03e8 B5       		.byte	-75
 1030 03e9 01       		.byte	1
 1031 03ea C0       		.byte	-64
 1032 03eb 03       		.byte	3
 1033 03ec C2       		.byte	-62
 1034 03ed 4E       		.byte	78
 1035 03ee C4       		.byte	-60
 1036 03ef A2       		.byte	-94
 1037 03f0 CA       		.byte	-54
 1038 03f1 F7       		.byte	-9
 1039 03f2 CC       		.byte	-52
 1040 03f3 EB       		.byte	-21
 1041 03f4 CE       		.byte	-50
 1042 03f5 ED       		.byte	-19
 1043 03f6 D0       		.byte	-48
 1044 03f7 F0       		.byte	-16
 1045 03f8 D2       		.byte	-46
 1046 03f9 20       		.byte	32
 1047 03fa D6       		.byte	-42
 1048 03fb 10       		.byte	16
 1049 03fc E8       		.byte	-24
 1050 03fd 10       		.byte	16
 1051 03fe 00       		.byte	0
 1052 03ff 40       		.byte	64
 1053 0400 02       		.byte	2
 1054 0401 80       		.byte	-128
 1055 0402 06       		.byte	6
 1056 0403 02       		.byte	2
 1057 0404 0A       		.byte	10
 1058 0405 01       		.byte	1
 1059 0406 0E       		.byte	14
 1060 0407 08       		.byte	8
 1061 0408 12       		.byte	18
 1062 0409 04       		.byte	4
 1063 040a 14       		.byte	20
 1064 040b 10       		.byte	16
 1065 040c 16       		.byte	22
 1066 040d 20       		.byte	32
 1067 040e 18       		.byte	24
 1068 040f 08       		.byte	8
 1069 0410 1C       		.byte	28
 1070 0411 04       		.byte	4
 1071 0412 20       		.byte	32
 1072 0413 02       		.byte	2
 1073 0414 24       		.byte	36
 1074 0415 01       		.byte	1
 1075 0416 28       		.byte	40
 1076 0417 20       		.byte	32
 1077 0418 2A       		.byte	42
 1078 0419 10       		.byte	16
 1079 041a 2C       		.byte	44
 1080 041b 80       		.byte	-128
 1081 041c 2E       		.byte	46
 1082 041d 40       		.byte	64
 1083 041e 34       		.byte	52
ARM GAS  C:\Users\lucas\AppData\Local\Temp\ccDu0U7f.s 			page 20


 1084 041f FF       		.byte	-1
 1085 0420 3E       		.byte	62
 1086 0421 10       		.byte	16
 1087 0422 58       		.byte	88
 1088 0423 04       		.byte	4
 1089 0424 5B       		.byte	91
 1090 0425 04       		.byte	4
 1091 0426 5F       		.byte	95
 1092 0427 01       		.byte	1
 1093 0428 81       		.byte	-127
 1094 0429 4F       		.byte	79
 1095 042a 83       		.byte	-125
 1096 042b 90       		.byte	-112
 1097 042c 85       		.byte	-123
 1098 042d 04       		.byte	4
 1099 042e 86       		.byte	-122
 1100 042f 02       		.byte	2
 1101 0430 8B       		.byte	-117
 1102 0431 40       		.byte	64
 1103 0432 8D       		.byte	-115
 1104 0433 F3       		.byte	-13
 1105 0434 8F       		.byte	-113
 1106 0435 0C       		.byte	12
 1107 0436 91       		.byte	-111
 1108 0437 03       		.byte	3
 1109 0438 95       		.byte	-107
 1110 0439 4C       		.byte	76
 1111 043a 97       		.byte	-105
 1112 043b A3       		.byte	-93
 1113 043c 99       		.byte	-103
 1114 043d FF       		.byte	-1
 1115 043e 9D       		.byte	-99
 1116 043f 08       		.byte	8
 1117 0440 9E       		.byte	-98
 1118 0441 01       		.byte	1
 1119 0442 A2       		.byte	-94
 1120 0443 06       		.byte	6
 1121 0444 A3       		.byte	-93
 1122 0445 B3       		.byte	-77
 1123 0446 A5       		.byte	-91
 1124 0447 0C       		.byte	12
 1125 0448 A9       		.byte	-87
 1126 0449 01       		.byte	1
 1127 044a AD       		.byte	-83
 1128 044b 42       		.byte	66
 1129 044c B2       		.byte	-78
 1130 044d 04       		.byte	4
 1131 044e B3       		.byte	-77
 1132 044f 7C       		.byte	124
 1133 0450 B4       		.byte	-76
 1134 0451 03       		.byte	3
 1135 0452 B5       		.byte	-75
 1136 0453 8C       		.byte	-116
 1137 0454 B7       		.byte	-73
 1138 0455 0F       		.byte	15
 1139 0456 BB       		.byte	-69
 1140 0457 A8       		.byte	-88
ARM GAS  C:\Users\lucas\AppData\Local\Temp\ccDu0U7f.s 			page 21


 1141 0458 BE       		.byte	-66
 1142 0459 10       		.byte	16
 1143 045a D6       		.byte	-42
 1144 045b 08       		.byte	8
 1145 045c D8       		.byte	-40
 1146 045d 04       		.byte	4
 1147 045e D9       		.byte	-39
 1148 045f 04       		.byte	4
 1149 0460 DB       		.byte	-37
 1150 0461 04       		.byte	4
 1151 0462 DC       		.byte	-36
 1152 0463 11       		.byte	17
 1153 0464 DD       		.byte	-35
 1154 0465 90       		.byte	-112
 1155 0466 DF       		.byte	-33
 1156 0467 01       		.byte	1
 1157 0468 00       		.byte	0
 1158 0469 A0       		.byte	-96
 1159 046a 01       		.byte	1
 1160 046b 02       		.byte	2
 1161 046c 03       		.byte	3
 1162 046d 60       		.byte	96
 1163 046e 04       		.byte	4
 1164 046f 08       		.byte	8
 1165 0470 06       		.byte	6
 1166 0471 20       		.byte	32
 1167 0472 08       		.byte	8
 1168 0473 01       		.byte	1
 1169 0474 0A       		.byte	10
 1170 0475 A9       		.byte	-87
 1171 0476 0E       		.byte	14
 1172 0477 02       		.byte	2
 1173 0478 10       		.byte	16
 1174 0479 AA       		.byte	-86
 1175 047a 16       		.byte	22
 1176 047b 80       		.byte	-128
 1177 047c 19       		.byte	25
 1178 047d 10       		.byte	16
 1179 047e 1E       		.byte	30
 1180 047f 10       		.byte	16
 1181 0480 1F       		.byte	31
 1182 0481 10       		.byte	16
 1183 0482 25       		.byte	37
 1184 0483 50       		.byte	80
 1185 0484 26       		.byte	38
 1186 0485 04       		.byte	4
 1187 0486 27       		.byte	39
 1188 0487 01       		.byte	1
 1189 0488 2D       		.byte	45
 1190 0489 08       		.byte	8
 1191 048a 2E       		.byte	46
 1192 048b A0       		.byte	-96
 1193 048c 2F       		.byte	47
 1194 048d 80       		.byte	-128
 1195 048e 34       		.byte	52
 1196 048f 10       		.byte	16
 1197 0490 35       		.byte	53
ARM GAS  C:\Users\lucas\AppData\Local\Temp\ccDu0U7f.s 			page 22


 1198 0491 80       		.byte	-128
 1199 0492 36       		.byte	54
 1200 0493 05       		.byte	5
 1201 0494 39       		.byte	57
 1202 0495 10       		.byte	16
 1203 0496 3B       		.byte	59
 1204 0497 20       		.byte	32
 1205 0498 3D       		.byte	61
 1206 0499 80       		.byte	-128
 1207 049a 3E       		.byte	62
 1208 049b 18       		.byte	24
 1209 049c 3F       		.byte	63
 1210 049d 01       		.byte	1
 1211 049e 58       		.byte	88
 1212 049f 01       		.byte	1
 1213 04a0 5A       		.byte	90
 1214 04a1 24       		.byte	36
 1215 04a2 5B       		.byte	91
 1216 04a3 40       		.byte	64
 1217 04a4 5C       		.byte	92
 1218 04a5 80       		.byte	-128
 1219 04a6 62       		.byte	98
 1220 04a7 20       		.byte	32
 1221 04a8 63       		.byte	99
 1222 04a9 52       		.byte	82
 1223 04aa 66       		.byte	102
 1224 04ab 80       		.byte	-128
 1225 04ac 68       		.byte	104
 1226 04ad 0A       		.byte	10
 1227 04ae 69       		.byte	105
 1228 04af 01       		.byte	1
 1229 04b0 6A       		.byte	106
 1230 04b1 09       		.byte	9
 1231 04b2 70       		.byte	112
 1232 04b3 F0       		.byte	-16
 1233 04b4 71       		.byte	113
 1234 04b5 08       		.byte	8
 1235 04b6 72       		.byte	114
 1236 04b7 40       		.byte	64
 1237 04b8 86       		.byte	-122
 1238 04b9 21       		.byte	33
 1239 04ba 87       		.byte	-121
 1240 04bb 33       		.byte	51
 1241 04bc 88       		.byte	-120
 1242 04bd 40       		.byte	64
 1243 04be 8A       		.byte	-118
 1244 04bf 04       		.byte	4
 1245 04c0 8C       		.byte	-116
 1246 04c1 80       		.byte	-128
 1247 04c2 8D       		.byte	-115
 1248 04c3 10       		.byte	16
 1249 04c4 8F       		.byte	-113
 1250 04c5 01       		.byte	1
 1251 04c6 90       		.byte	-112
 1252 04c7 08       		.byte	8
 1253 04c8 92       		.byte	-110
 1254 04c9 A2       		.byte	-94
ARM GAS  C:\Users\lucas\AppData\Local\Temp\ccDu0U7f.s 			page 23


 1255 04ca 93       		.byte	-109
 1256 04cb 40       		.byte	64
 1257 04cc 94       		.byte	-108
 1258 04cd A0       		.byte	-96
 1259 04ce 95       		.byte	-107
 1260 04cf 11       		.byte	17
 1261 04d0 96       		.byte	-106
 1262 04d1 48       		.byte	72
 1263 04d2 98       		.byte	-104
 1264 04d3 10       		.byte	16
 1265 04d4 99       		.byte	-103
 1266 04d5 8A       		.byte	-118
 1267 04d6 9A       		.byte	-102
 1268 04d7 08       		.byte	8
 1269 04d8 9D       		.byte	-99
 1270 04d9 10       		.byte	16
 1271 04da 9E       		.byte	-98
 1272 04db 80       		.byte	-128
 1273 04dc 9F       		.byte	-97
 1274 04dd 01       		.byte	1
 1275 04de A0       		.byte	-96
 1276 04df 50       		.byte	80
 1277 04e0 A2       		.byte	-94
 1278 04e1 01       		.byte	1
 1279 04e2 A3       		.byte	-93
 1280 04e3 A2       		.byte	-94
 1281 04e4 A5       		.byte	-91
 1282 04e5 18       		.byte	24
 1283 04e6 A6       		.byte	-90
 1284 04e7 04       		.byte	4
 1285 04e8 AF       		.byte	-81
 1286 04e9 49       		.byte	73
 1287 04ea C0       		.byte	-64
 1288 04eb 2F       		.byte	47
 1289 04ec C2       		.byte	-62
 1290 04ed 8F       		.byte	-113
 1291 04ee C4       		.byte	-60
 1292 04ef 1F       		.byte	31
 1293 04f0 CA       		.byte	-54
 1294 04f1 F0       		.byte	-16
 1295 04f2 CC       		.byte	-52
 1296 04f3 F0       		.byte	-16
 1297 04f4 CE       		.byte	-50
 1298 04f5 F0       		.byte	-16
 1299 04f6 D6       		.byte	-42
 1300 04f7 1F       		.byte	31
 1301 04f8 D8       		.byte	-40
 1302 04f9 1F       		.byte	31
 1303 04fa 32       		.byte	50
 1304 04fb 20       		.byte	32
 1305 04fc 36       		.byte	54
 1306 04fd 80       		.byte	-128
 1307 04fe CC       		.byte	-52
 1308 04ff 30       		.byte	48
 1309 0500 A6       		.byte	-90
 1310 0501 A0       		.byte	-96
 1311 0502 A6       		.byte	-90
ARM GAS  C:\Users\lucas\AppData\Local\Temp\ccDu0U7f.s 			page 24


 1312 0503 A0       		.byte	-96
 1313 0504 18       		.byte	24
 1314 0505 10       		.byte	16
 1315 0506 63       		.byte	99
 1316 0507 20       		.byte	32
 1317 0508 6B       		.byte	107
 1318 0509 80       		.byte	-128
 1319 050a 83       		.byte	-125
 1320 050b 80       		.byte	-128
 1321 050c 86       		.byte	-122
 1322 050d 20       		.byte	32
 1323 050e A6       		.byte	-90
 1324 050f A0       		.byte	-96
 1325 0510 C6       		.byte	-58
 1326 0511 10       		.byte	16
 1327 0512 D8       		.byte	-40
 1328 0513 40       		.byte	64
 1329 0514 DC       		.byte	-36
 1330 0515 20       		.byte	32
 1331 0516 E2       		.byte	-30
 1332 0517 80       		.byte	-128
 1333 0518 E6       		.byte	-26
 1334 0519 40       		.byte	64
 1335 051a 7B       		.byte	123
 1336 051b 02       		.byte	2
 1337 051c DC       		.byte	-36
 1338 051d 01       		.byte	1
 1339 051e 50       		.byte	80
 1340 051f 04       		.byte	4
 1341 0520 B7       		.byte	-73
 1342 0521 02       		.byte	2
 1343 0522 D4       		.byte	-44
 1344 0523 04       		.byte	4
 1345 0524 EC       		.byte	-20
 1346 0525 02       		.byte	2
 1347 0526 94       		.byte	-108
 1348 0527 08       		.byte	8
 1349 0528 94       		.byte	-108
 1350 0529 08       		.byte	8
 1351 052a A6       		.byte	-90
 1352 052b 80       		.byte	-128
 1353 052c AB       		.byte	-85
 1354 052d 10       		.byte	16
 1355 052e B4       		.byte	-76
 1356 052f 10       		.byte	16
 1357 0530 EE       		.byte	-18
 1358 0531 80       		.byte	-128
 1359 0532 AE       		.byte	-82
 1360 0533 80       		.byte	-128
 1361 0534 EE       		.byte	-18
 1362 0535 10       		.byte	16
 1363 0536 B4       		.byte	-76
 1364 0537 04       		.byte	4
 1365 0538 E8       		.byte	-24
 1366 0539 08       		.byte	8
 1367 053a 12       		.byte	18
 1368 053b 20       		.byte	32
ARM GAS  C:\Users\lucas\AppData\Local\Temp\ccDu0U7f.s 			page 25


 1369 053c 8E       		.byte	-114
 1370 053d 20       		.byte	32
 1371 053e C4       		.byte	-60
 1372 053f 08       		.byte	8
 1373 0540 E2       		.byte	-30
 1374 0541 08       		.byte	8
 1375 0542 00       		.byte	0
 1376 0543 06       		.byte	6
 1377 0544 0C       		.byte	12
 1378 0545 06       		.byte	6
 1379 0546 10       		.byte	16
 1380 0547 02       		.byte	2
 1381 0548 11       		.byte	17
 1382 0549 01       		.byte	1
 1383 054a 1C       		.byte	28
 1384 054b 02       		.byte	2
 1385 054c 1D       		.byte	29
 1386 054d 01       		.byte	1
 1387 054e 00       		.byte	0
 1388 054f 0F       		.byte	15
 1389 0550 01       		.byte	1
 1390 0551 00       		.byte	0
 1391 0552 00       		.byte	0
 1392 0553 00       		.byte	0
 1393 0554 00       		.byte	0
 1394 0555 00       		.byte	0
 1395 0556 00       		.byte	0
 1396 0557 00       		.byte	0
 1397 0558 80       		.byte	-128
 1398 0559 00       		.byte	0
 1399 055a 40       		.byte	64
 1400 055b 80       		.byte	-128
 1401 055c 80       		.byte	-128
 1402 055d 00       		.byte	0
 1403 055e 80       		.byte	-128
 1404 055f 00       		.byte	0
 1405 0560 00       		.byte	0
 1406 0561 00       		.byte	0
 1407 0562 00       		.byte	0
 1408 0563 00       		.byte	0
 1409 0564 00       		.byte	0
 1410 0565 0B       		.byte	11
 1411 0566 0B       		.byte	11
 1412 0567 00       		.byte	0
 1413 0568 00       		.byte	0
 1414 0569 00       		.byte	0
 1415 056a 00       		.byte	0
 1416 056b 00       		.byte	0
 1417 056c 80       		.byte	-128
 1418 056d 02       		.byte	2
 1419 056e 02       		.byte	2
 1420 056f 00       		.byte	0
 1421 0570 02       		.byte	2
 1422 0571 00       		.byte	0
 1423 0572 00       		.byte	0
 1424 0573 00       		.byte	0
 1425              		.section	.cywolatch,"a",%progbits
ARM GAS  C:\Users\lucas\AppData\Local\Temp\ccDu0U7f.s 			page 26


 1426              		.align	2
 1427              		.type	cy_meta_wonvl, %object
 1428              		.size	cy_meta_wonvl, 4
 1429              	cy_meta_wonvl:
 1430 0000 BC       		.byte	-68
 1431 0001 90       		.byte	-112
 1432 0002 AC       		.byte	-84
 1433 0003 AF       		.byte	-81
 1434              		.section	.cycustnvl,"a",%progbits
 1435              		.align	2
 1436              		.type	cy_meta_custnvl, %object
 1437              		.size	cy_meta_custnvl, 4
 1438              	cy_meta_custnvl:
 1439 0000 00       		.byte	0
 1440 0001 00       		.byte	0
 1441 0002 40       		.byte	64
 1442 0003 05       		.byte	5
 1443              		.section	.cymeta,"a",%progbits
 1444              		.align	2
 1445              		.type	cy_metadata, %object
 1446              		.size	cy_metadata, 12
 1447              	cy_metadata:
 1448 0000 00       		.byte	0
 1449 0001 01       		.byte	1
 1450 0002 2E       		.byte	46
 1451 0003 16       		.byte	22
 1452 0004 10       		.byte	16
 1453 0005 69       		.byte	105
 1454 0006 00       		.byte	0
 1455 0007 01       		.byte	1
 1456 0008 00       		.byte	0
 1457 0009 00       		.byte	0
 1458 000a 00       		.byte	0
 1459 000b 00       		.byte	0
 1460              		.section	.cyflashprotect,"a",%progbits
 1461              		.align	2
 1462              		.type	cy_meta_flashprotect, %object
 1463              		.size	cy_meta_flashprotect, 256
 1464              	cy_meta_flashprotect:
 1465 0000 00000000 		.space	256
 1465      00000000 
 1465      00000000 
 1465      00000000 
 1465      00000000 
 1466              		.text
 1467              	.Letext0:
 1468              		.file 1 "c:\\program files (x86)\\cypress\\psoc creator\\4.2\\psoc creator\\import\\gnu\\arm\\5.4.
 1469              		.file 2 "c:\\program files (x86)\\cypress\\psoc creator\\4.2\\psoc creator\\import\\gnu\\arm\\5.4.
 1470              		.file 3 "Generated_Source\\PSoC5\\cymetadata.c"
 1471              		.section	.debug_info,"",%progbits
 1472              	.Ldebug_info0:
 1473 0000 32010000 		.4byte	0x132
 1474 0004 0400     		.2byte	0x4
 1475 0006 00000000 		.4byte	.Ldebug_abbrev0
 1476 000a 04       		.byte	0x4
 1477 000b 01       		.uleb128 0x1
 1478 000c 24000000 		.4byte	.LASF17
ARM GAS  C:\Users\lucas\AppData\Local\Temp\ccDu0U7f.s 			page 27


 1479 0010 0C       		.byte	0xc
 1480 0011 E9010000 		.4byte	.LASF18
 1481 0015 B2000000 		.4byte	.LASF19
 1482 0019 00000000 		.4byte	.Ldebug_line0
 1483 001d 02       		.uleb128 0x2
 1484 001e 01       		.byte	0x1
 1485 001f 06       		.byte	0x6
 1486 0020 DD010000 		.4byte	.LASF0
 1487 0024 03       		.uleb128 0x3
 1488 0025 00000000 		.4byte	.LASF9
 1489 0029 01       		.byte	0x1
 1490 002a 1D       		.byte	0x1d
 1491 002b 2F000000 		.4byte	0x2f
 1492 002f 02       		.uleb128 0x2
 1493 0030 01       		.byte	0x1
 1494 0031 08       		.byte	0x8
 1495 0032 16000000 		.4byte	.LASF1
 1496 0036 02       		.uleb128 0x2
 1497 0037 02       		.byte	0x2
 1498 0038 05       		.byte	0x5
 1499 0039 CA010000 		.4byte	.LASF2
 1500 003d 02       		.uleb128 0x2
 1501 003e 02       		.byte	0x2
 1502 003f 07       		.byte	0x7
 1503 0040 2F010000 		.4byte	.LASF3
 1504 0044 02       		.uleb128 0x2
 1505 0045 04       		.byte	0x4
 1506 0046 05       		.byte	0x5
 1507 0047 D4010000 		.4byte	.LASF4
 1508 004b 02       		.uleb128 0x2
 1509 004c 04       		.byte	0x4
 1510 004d 07       		.byte	0x7
 1511 004e 1D010000 		.4byte	.LASF5
 1512 0052 02       		.uleb128 0x2
 1513 0053 08       		.byte	0x8
 1514 0054 05       		.byte	0x5
 1515 0055 BC010000 		.4byte	.LASF6
 1516 0059 02       		.uleb128 0x2
 1517 005a 08       		.byte	0x8
 1518 005b 07       		.byte	0x7
 1519 005c 71010000 		.4byte	.LASF7
 1520 0060 04       		.uleb128 0x4
 1521 0061 04       		.byte	0x4
 1522 0062 05       		.byte	0x5
 1523 0063 696E7400 		.ascii	"int\000"
 1524 0067 02       		.uleb128 0x2
 1525 0068 04       		.byte	0x4
 1526 0069 07       		.byte	0x7
 1527 006a 64010000 		.4byte	.LASF8
 1528 006e 03       		.uleb128 0x3
 1529 006f 88010000 		.4byte	.LASF10
 1530 0073 02       		.byte	0x2
 1531 0074 18       		.byte	0x18
 1532 0075 24000000 		.4byte	0x24
 1533 0079 05       		.uleb128 0x5
 1534 007a 91000000 		.4byte	0x91
 1535 007e 8A000000 		.4byte	0x8a
ARM GAS  C:\Users\lucas\AppData\Local\Temp\ccDu0U7f.s 			page 28


 1536 0082 06       		.uleb128 0x6
 1537 0083 8A000000 		.4byte	0x8a
 1538 0087 7305     		.2byte	0x573
 1539 0089 00       		.byte	0
 1540 008a 02       		.uleb128 0x2
 1541 008b 04       		.byte	0x4
 1542 008c 07       		.byte	0x7
 1543 008d B3010000 		.4byte	.LASF11
 1544 0091 07       		.uleb128 0x7
 1545 0092 6E000000 		.4byte	0x6e
 1546 0096 08       		.uleb128 0x8
 1547 0097 52010000 		.4byte	.LASF12
 1548 009b 03       		.byte	0x3
 1549 009c 1F       		.byte	0x1f
 1550 009d A7000000 		.4byte	0xa7
 1551 00a1 05       		.uleb128 0x5
 1552 00a2 03       		.byte	0x3
 1553 00a3 00000000 		.4byte	cy_meta_configecc
 1554 00a7 07       		.uleb128 0x7
 1555 00a8 79000000 		.4byte	0x79
 1556 00ac 05       		.uleb128 0x5
 1557 00ad 91000000 		.4byte	0x91
 1558 00b1 BC000000 		.4byte	0xbc
 1559 00b5 09       		.uleb128 0x9
 1560 00b6 8A000000 		.4byte	0x8a
 1561 00ba 03       		.byte	0x3
 1562 00bb 00       		.byte	0
 1563 00bc 08       		.uleb128 0x8
 1564 00bd 42010000 		.4byte	.LASF13
 1565 00c1 03       		.byte	0x3
 1566 00c2 DB       		.byte	0xdb
 1567 00c3 CD000000 		.4byte	0xcd
 1568 00c7 05       		.uleb128 0x5
 1569 00c8 03       		.byte	0x3
 1570 00c9 00000000 		.4byte	cy_meta_custnvl
 1571 00cd 07       		.uleb128 0x7
 1572 00ce AC000000 		.4byte	0xac
 1573 00d2 08       		.uleb128 0x8
 1574 00d3 A5010000 		.4byte	.LASF14
 1575 00d7 03       		.byte	0x3
 1576 00d8 E9       		.byte	0xe9
 1577 00d9 E3000000 		.4byte	0xe3
 1578 00dd 05       		.uleb128 0x5
 1579 00de 03       		.byte	0x3
 1580 00df 00000000 		.4byte	cy_meta_wonvl
 1581 00e3 07       		.uleb128 0x7
 1582 00e4 AC000000 		.4byte	0xac
 1583 00e8 05       		.uleb128 0x5
 1584 00e9 91000000 		.4byte	0x91
 1585 00ed F8000000 		.4byte	0xf8
 1586 00f1 09       		.uleb128 0x9
 1587 00f2 8A000000 		.4byte	0x8a
 1588 00f6 FF       		.byte	0xff
 1589 00f7 00       		.byte	0
 1590 00f8 08       		.uleb128 0x8
 1591 00f9 90010000 		.4byte	.LASF15
 1592 00fd 03       		.byte	0x3
ARM GAS  C:\Users\lucas\AppData\Local\Temp\ccDu0U7f.s 			page 29


 1593 00fe F7       		.byte	0xf7
 1594 00ff 09010000 		.4byte	0x109
 1595 0103 05       		.uleb128 0x5
 1596 0104 03       		.byte	0x3
 1597 0105 00000000 		.4byte	cy_meta_flashprotect
 1598 0109 07       		.uleb128 0x7
 1599 010a E8000000 		.4byte	0xe8
 1600 010e 05       		.uleb128 0x5
 1601 010f 91000000 		.4byte	0x91
 1602 0113 1E010000 		.4byte	0x11e
 1603 0117 09       		.uleb128 0x9
 1604 0118 8A000000 		.4byte	0x8a
 1605 011c 0B       		.byte	0xb
 1606 011d 00       		.byte	0
 1607 011e 0A       		.uleb128 0xa
 1608 011f 0A000000 		.4byte	.LASF16
 1609 0123 03       		.byte	0x3
 1610 0124 2401     		.2byte	0x124
 1611 0126 30010000 		.4byte	0x130
 1612 012a 05       		.uleb128 0x5
 1613 012b 03       		.byte	0x3
 1614 012c 00000000 		.4byte	cy_metadata
 1615 0130 07       		.uleb128 0x7
 1616 0131 0E010000 		.4byte	0x10e
 1617 0135 00       		.byte	0
 1618              		.section	.debug_abbrev,"",%progbits
 1619              	.Ldebug_abbrev0:
 1620 0000 01       		.uleb128 0x1
 1621 0001 11       		.uleb128 0x11
 1622 0002 01       		.byte	0x1
 1623 0003 25       		.uleb128 0x25
 1624 0004 0E       		.uleb128 0xe
 1625 0005 13       		.uleb128 0x13
 1626 0006 0B       		.uleb128 0xb
 1627 0007 03       		.uleb128 0x3
 1628 0008 0E       		.uleb128 0xe
 1629 0009 1B       		.uleb128 0x1b
 1630 000a 0E       		.uleb128 0xe
 1631 000b 10       		.uleb128 0x10
 1632 000c 17       		.uleb128 0x17
 1633 000d 00       		.byte	0
 1634 000e 00       		.byte	0
 1635 000f 02       		.uleb128 0x2
 1636 0010 24       		.uleb128 0x24
 1637 0011 00       		.byte	0
 1638 0012 0B       		.uleb128 0xb
 1639 0013 0B       		.uleb128 0xb
 1640 0014 3E       		.uleb128 0x3e
 1641 0015 0B       		.uleb128 0xb
 1642 0016 03       		.uleb128 0x3
 1643 0017 0E       		.uleb128 0xe
 1644 0018 00       		.byte	0
 1645 0019 00       		.byte	0
 1646 001a 03       		.uleb128 0x3
 1647 001b 16       		.uleb128 0x16
 1648 001c 00       		.byte	0
 1649 001d 03       		.uleb128 0x3
ARM GAS  C:\Users\lucas\AppData\Local\Temp\ccDu0U7f.s 			page 30


 1650 001e 0E       		.uleb128 0xe
 1651 001f 3A       		.uleb128 0x3a
 1652 0020 0B       		.uleb128 0xb
 1653 0021 3B       		.uleb128 0x3b
 1654 0022 0B       		.uleb128 0xb
 1655 0023 49       		.uleb128 0x49
 1656 0024 13       		.uleb128 0x13
 1657 0025 00       		.byte	0
 1658 0026 00       		.byte	0
 1659 0027 04       		.uleb128 0x4
 1660 0028 24       		.uleb128 0x24
 1661 0029 00       		.byte	0
 1662 002a 0B       		.uleb128 0xb
 1663 002b 0B       		.uleb128 0xb
 1664 002c 3E       		.uleb128 0x3e
 1665 002d 0B       		.uleb128 0xb
 1666 002e 03       		.uleb128 0x3
 1667 002f 08       		.uleb128 0x8
 1668 0030 00       		.byte	0
 1669 0031 00       		.byte	0
 1670 0032 05       		.uleb128 0x5
 1671 0033 01       		.uleb128 0x1
 1672 0034 01       		.byte	0x1
 1673 0035 49       		.uleb128 0x49
 1674 0036 13       		.uleb128 0x13
 1675 0037 01       		.uleb128 0x1
 1676 0038 13       		.uleb128 0x13
 1677 0039 00       		.byte	0
 1678 003a 00       		.byte	0
 1679 003b 06       		.uleb128 0x6
 1680 003c 21       		.uleb128 0x21
 1681 003d 00       		.byte	0
 1682 003e 49       		.uleb128 0x49
 1683 003f 13       		.uleb128 0x13
 1684 0040 2F       		.uleb128 0x2f
 1685 0041 05       		.uleb128 0x5
 1686 0042 00       		.byte	0
 1687 0043 00       		.byte	0
 1688 0044 07       		.uleb128 0x7
 1689 0045 26       		.uleb128 0x26
 1690 0046 00       		.byte	0
 1691 0047 49       		.uleb128 0x49
 1692 0048 13       		.uleb128 0x13
 1693 0049 00       		.byte	0
 1694 004a 00       		.byte	0
 1695 004b 08       		.uleb128 0x8
 1696 004c 34       		.uleb128 0x34
 1697 004d 00       		.byte	0
 1698 004e 03       		.uleb128 0x3
 1699 004f 0E       		.uleb128 0xe
 1700 0050 3A       		.uleb128 0x3a
 1701 0051 0B       		.uleb128 0xb
 1702 0052 3B       		.uleb128 0x3b
 1703 0053 0B       		.uleb128 0xb
 1704 0054 49       		.uleb128 0x49
 1705 0055 13       		.uleb128 0x13
 1706 0056 3F       		.uleb128 0x3f
ARM GAS  C:\Users\lucas\AppData\Local\Temp\ccDu0U7f.s 			page 31


 1707 0057 19       		.uleb128 0x19
 1708 0058 02       		.uleb128 0x2
 1709 0059 18       		.uleb128 0x18
 1710 005a 00       		.byte	0
 1711 005b 00       		.byte	0
 1712 005c 09       		.uleb128 0x9
 1713 005d 21       		.uleb128 0x21
 1714 005e 00       		.byte	0
 1715 005f 49       		.uleb128 0x49
 1716 0060 13       		.uleb128 0x13
 1717 0061 2F       		.uleb128 0x2f
 1718 0062 0B       		.uleb128 0xb
 1719 0063 00       		.byte	0
 1720 0064 00       		.byte	0
 1721 0065 0A       		.uleb128 0xa
 1722 0066 34       		.uleb128 0x34
 1723 0067 00       		.byte	0
 1724 0068 03       		.uleb128 0x3
 1725 0069 0E       		.uleb128 0xe
 1726 006a 3A       		.uleb128 0x3a
 1727 006b 0B       		.uleb128 0xb
 1728 006c 3B       		.uleb128 0x3b
 1729 006d 05       		.uleb128 0x5
 1730 006e 49       		.uleb128 0x49
 1731 006f 13       		.uleb128 0x13
 1732 0070 3F       		.uleb128 0x3f
 1733 0071 19       		.uleb128 0x19
 1734 0072 02       		.uleb128 0x2
 1735 0073 18       		.uleb128 0x18
 1736 0074 00       		.byte	0
 1737 0075 00       		.byte	0
 1738 0076 00       		.byte	0
 1739              		.section	.debug_aranges,"",%progbits
 1740 0000 14000000 		.4byte	0x14
 1741 0004 0200     		.2byte	0x2
 1742 0006 00000000 		.4byte	.Ldebug_info0
 1743 000a 04       		.byte	0x4
 1744 000b 00       		.byte	0
 1745 000c 0000     		.2byte	0
 1746 000e 0000     		.2byte	0
 1747 0010 00000000 		.4byte	0
 1748 0014 00000000 		.4byte	0
 1749              		.section	.debug_line,"",%progbits
 1750              	.Ldebug_line0:
 1751 0000 3D010000 		.section	.debug_str,"MS",%progbits,1
 1751      02003701 
 1751      00000201 
 1751      FB0E0D00 
 1751      01010101 
 1752              	.LASF9:
 1753 0000 5F5F7569 		.ascii	"__uint8_t\000"
 1753      6E74385F 
 1753      7400
 1754              	.LASF16:
 1755 000a 63795F6D 		.ascii	"cy_metadata\000"
 1755      65746164 
 1755      61746100 
ARM GAS  C:\Users\lucas\AppData\Local\Temp\ccDu0U7f.s 			page 32


 1756              	.LASF1:
 1757 0016 756E7369 		.ascii	"unsigned char\000"
 1757      676E6564 
 1757      20636861 
 1757      7200
 1758              	.LASF17:
 1759 0024 474E5520 		.ascii	"GNU C11 5.4.1 20160609 (release) [ARM/embedded-5-br"
 1759      43313120 
 1759      352E342E 
 1759      31203230 
 1759      31363036 
 1760 0057 616E6368 		.ascii	"anch revision 237715] -mcpu=cortex-m3 -mthumb -g -O"
 1760      20726576 
 1760      6973696F 
 1760      6E203233 
 1760      37373135 
 1761 008a 67202D66 		.ascii	"g -ffunction-sections -ffat-lto-objects\000"
 1761      66756E63 
 1761      74696F6E 
 1761      2D736563 
 1761      74696F6E 
 1762              	.LASF19:
 1763 00b2 433A5C55 		.ascii	"C:\\Users\\lucas\\Google Drive (lucas.s10@aluno.ifs"
 1763      73657273 
 1763      5C6C7563 
 1763      61735C47 
 1763      6F6F676C 
 1764 00e2 632E6564 		.ascii	"c.edu.br)\\ifsc\\bolsa\\pulseDet\\Workspace01\\puls"
 1764      752E6272 
 1764      295C6966 
 1764      73635C62 
 1764      6F6C7361 
 1765 0110 65446574 		.ascii	"eDet_1.cydsn\000"
 1765      5F312E63 
 1765      7964736E 
 1765      00
 1766              	.LASF5:
 1767 011d 6C6F6E67 		.ascii	"long unsigned int\000"
 1767      20756E73 
 1767      69676E65 
 1767      6420696E 
 1767      7400
 1768              	.LASF3:
 1769 012f 73686F72 		.ascii	"short unsigned int\000"
 1769      7420756E 
 1769      7369676E 
 1769      65642069 
 1769      6E7400
 1770              	.LASF13:
 1771 0142 63795F6D 		.ascii	"cy_meta_custnvl\000"
 1771      6574615F 
 1771      63757374 
 1771      6E766C00 
 1772              	.LASF12:
 1773 0152 63795F6D 		.ascii	"cy_meta_configecc\000"
 1773      6574615F 
 1773      636F6E66 
ARM GAS  C:\Users\lucas\AppData\Local\Temp\ccDu0U7f.s 			page 33


 1773      69676563 
 1773      6300
 1774              	.LASF8:
 1775 0164 756E7369 		.ascii	"unsigned int\000"
 1775      676E6564 
 1775      20696E74 
 1775      00
 1776              	.LASF7:
 1777 0171 6C6F6E67 		.ascii	"long long unsigned int\000"
 1777      206C6F6E 
 1777      6720756E 
 1777      7369676E 
 1777      65642069 
 1778              	.LASF10:
 1779 0188 75696E74 		.ascii	"uint8_t\000"
 1779      385F7400 
 1780              	.LASF15:
 1781 0190 63795F6D 		.ascii	"cy_meta_flashprotect\000"
 1781      6574615F 
 1781      666C6173 
 1781      6870726F 
 1781      74656374 
 1782              	.LASF14:
 1783 01a5 63795F6D 		.ascii	"cy_meta_wonvl\000"
 1783      6574615F 
 1783      776F6E76 
 1783      6C00
 1784              	.LASF11:
 1785 01b3 73697A65 		.ascii	"sizetype\000"
 1785      74797065 
 1785      00
 1786              	.LASF6:
 1787 01bc 6C6F6E67 		.ascii	"long long int\000"
 1787      206C6F6E 
 1787      6720696E 
 1787      7400
 1788              	.LASF2:
 1789 01ca 73686F72 		.ascii	"short int\000"
 1789      7420696E 
 1789      7400
 1790              	.LASF4:
 1791 01d4 6C6F6E67 		.ascii	"long int\000"
 1791      20696E74 
 1791      00
 1792              	.LASF0:
 1793 01dd 7369676E 		.ascii	"signed char\000"
 1793      65642063 
 1793      68617200 
 1794              	.LASF18:
 1795 01e9 47656E65 		.ascii	"Generated_Source\\PSoC5\\cymetadata.c\000"
 1795      72617465 
 1795      645F536F 
 1795      75726365 
 1795      5C50536F 
 1796              		.ident	"GCC: (GNU Tools for ARM Embedded Processors) 5.4.1 20160609 (release) [ARM/embedded-5-bran
