#***************************************************************************

#sjplacer

#Version:            1.1

#Build Date:         Dec  5 2017 15:35:27

#File Generated:     Aug 2 2018 14:54:25

#Purpose:            

#Copyright (C) 2010-2011 by Softjin Technologies Pvt Ltd. All rights reserved.

#***************************************************************************

Executing : C:\Program Files (x86)\Cypress\PSoC Creator\4.2\PSoC Creator\bin/sjplacer.exe --proj-name pulseDet_2 --netlist-vh2 pulseDet_2_p.vh2 --arch p35_udb4x6 --arch-file C:\Program Files (x86)\Cypress\PSoC Creator\4.2\PSoC Creator\dev\arch/udbdsi_4x6_24.cydata --ip-file C:\Program Files (x86)\Cypress\PSoC Creator\4.2\PSoC Creator\dev\psoc5/psoc5lp/ip_blocks.cydata --rrg-file C:\Program Files (x86)\Cypress\PSoC Creator\4.2\PSoC Creator\dev\psoc5/psoc5lp/route_arch-rrg.cydata --irq-file C:\Program Files (x86)\Cypress\PSoC Creator\4.2\PSoC Creator\dev\psoc5/psoc5lp/irqconn.cydata --drq-file C:\Program Files (x86)\Cypress\PSoC Creator\4.2\PSoC Creator\dev\psoc5/psoc5lp/dmaconn.cydata --dsi-conn-file C:\Program Files (x86)\Cypress\PSoC Creator\4.2\PSoC Creator\dev\psoc5/psoc5lp/dsiconn.cydata --pins-file pins_68-QFN.xml --lib-file pulseDet_2_p.lib --sdc-file pulseDet_2.sdc --io-pcf pulseDet_2.pci --outdir .

		Softjin Techologies Placer, Version 1.1

Build Date : Dec  5 2017	15:33:41

D2004: Option and Settings Summary
=============================================================
Netlist vh2 file          - pulseDet_2_p.vh2
Architecture file         - C:\Program Files (x86)\Cypress\PSoC Creator\4.2\PSoC Creator\dev\arch/udbdsi_4x6_24.cydata
Package                   - 
Defparam file             - 
SDC file                  - pulseDet_2.sdc
Output directory          - .
Timing library            - pulseDet_2_p.lib
IO Placement file         - pulseDet_2.pci

D2050: Starting reading inputs for placer
=============================================================
D2065: Reading netlist file : "pulseDet_2_p.vh2"
D2065: Reading arch file : "C:\Program Files (x86)\Cypress\PSoC Creator\4.2\PSoC Creator\dev\arch/udbdsi_4x6_24.cydata"
D2051: Reading of inputs for placer completed successfully

D2053: Starting placement of the design
=============================================================

Phase 2
Phase 3

Design Statistics after Packing
    Number of Combinational MCs 	:	37
    Number of Sequential MCs    	:	68
    Number of DPs               	:	3
    Number of Controls          	:	8
    Number of Status            	:	8
    Number of SyncCells         	:	0
    Number of count7cells       	:	1

Device Utilization Summary after Packing
    Macrocells                  :	105/192
    UDBS                        :	21/24
    IOs                         :	5/72


D2088: Phase 3, elapsed time : 0.0 (sec)

Phase 4
D2088: Phase 4, elapsed time : 0.0 (sec)

Phase 5
D2088: Phase 5, elapsed time : 0.0 (sec)

Phase 6

######################################################################
Placement Timing Summary

The timing summary is based on estimated routing delays after
placement. For final timing report, please carry out the timing
analysis after routing.
======================================================================

######################################################################
                     Clock Summary 
======================================================================
Number of clocks: 14
Clock: Clock_1              | Frequency: N/A       | Target:  24.0 MHz
Clock: Clock_2              | Frequency: N/A       | Target:   1.0 MHz
Clock: Clock_2(routed)      | Frequency:  23.3 MHz | Target:   1.0 MHz
Clock: Clock_3              | Frequency: N/A       | Target:   0.6 MHz
Clock: Clock_3(routed)      | Frequency:  24.1 MHz | Target:   0.6 MHz
Clock: Clock_4              | Frequency:  19.9 MHz | Target:   3.0 MHz
Clock: Clock_5              | Frequency: N/A       | Target:   0.0 MHz
Clock: Clock_5(fixed-function) | Frequency: N/A       | Target:   0.0 MHz
Clock: CyBUS_CLK            | Frequency:  15.2 MHz | Target:  24.0 MHz
Clock: CyILO                | Frequency: N/A       | Target:   0.0 MHz
Clock: CyIMO                | Frequency: N/A       | Target:   3.0 MHz
Clock: CyMASTER_CLK         | Frequency: N/A       | Target:  24.0 MHz
Clock: CyPLL_OUT            | Frequency: N/A       | Target:  48.0 MHz
Clock: UART_1_IntClock      | Frequency:  43.5 MHz | Target:   0.5 MHz

======================================================================
                     End of Clock Summary
######################################################################

D2088: Phase 6, elapsed time : 0.4 (sec)

Phase 7
######################################################################
                     Clock Summary 
======================================================================
Number of clocks: 14
Clock: Clock_1              | Frequency: N/A       | Target:  24.0 MHz
Clock: Clock_2              | Frequency: N/A       | Target:   1.0 MHz
Clock: Clock_2(routed)      | Frequency:  24.1 MHz | Target:   1.0 MHz
Clock: Clock_3              | Frequency: N/A       | Target:   0.6 MHz
Clock: Clock_3(routed)      | Frequency:  24.1 MHz | Target:   0.6 MHz
Clock: Clock_4              | Frequency:  23.7 MHz | Target:   3.0 MHz
Clock: Clock_5              | Frequency: N/A       | Target:   0.0 MHz
Clock: Clock_5(fixed-function) | Frequency: N/A       | Target:   0.0 MHz
Clock: CyBUS_CLK            | Frequency:  17.0 MHz | Target:  24.0 MHz
Clock: CyILO                | Frequency: N/A       | Target:   0.0 MHz
Clock: CyIMO                | Frequency: N/A       | Target:   3.0 MHz
Clock: CyMASTER_CLK         | Frequency: N/A       | Target:  24.0 MHz
Clock: CyPLL_OUT            | Frequency: N/A       | Target:  48.0 MHz
Clock: UART_1_IntClock      | Frequency:  43.4 MHz | Target:   0.5 MHz

======================================================================
                     End of Clock Summary
######################################################################
D2088: Phase 7, elapsed time : 4.6 (sec)

Final Design Statistics
    Number of Combinational MCs 	:	37
    Number of Sequential MCs    	:	68
    Number of DPs               	:	3
    Number of Controls          	:	8
    Number of Status            	:	8
    Number of SyncCells         	:	0
    Number of count7cells       	:	1
    Number of IOs       	:	5

Device Utilization Summary
    Macrocells                  :	105/192
    IOs                         :	5/72



######################################################################
Placement Timing Summary

The timing summary is based on estimated routing delays after
placement. For final timing report, please carry out the timing
analysis after routing.
======================================================================


######################################################################
                     Clock Summary 
======================================================================
Number of clocks: 14
Clock: Clock_1              | Frequency: N/A       | Target:  24.0 MHz
Clock: Clock_2              | Frequency: N/A       | Target:   1.0 MHz
Clock: Clock_2(routed)      | Frequency:  26.2 MHz | Target:   1.0 MHz
Clock: Clock_3              | Frequency: N/A       | Target:   0.6 MHz
Clock: Clock_3(routed)      | Frequency:  26.2 MHz | Target:   0.6 MHz
Clock: Clock_4              | Frequency:  23.4 MHz | Target:   3.0 MHz
Clock: Clock_5              | Frequency: N/A       | Target:   0.0 MHz
Clock: Clock_5(fixed-function) | Frequency: N/A       | Target:   0.0 MHz
Clock: CyBUS_CLK            | Frequency:  20.5 MHz | Target:  24.0 MHz
Clock: CyILO                | Frequency: N/A       | Target:   0.0 MHz
Clock: CyIMO                | Frequency: N/A       | Target:   3.0 MHz
Clock: CyMASTER_CLK         | Frequency: N/A       | Target:  24.0 MHz
Clock: CyPLL_OUT            | Frequency: N/A       | Target:  48.0 MHz
Clock: UART_1_IntClock      | Frequency:  50.1 MHz | Target:   0.5 MHz

======================================================================
                     End of Clock Summary
######################################################################

Phase 8
D2088: Phase 8, elapsed time : 0.0 (sec)

D2054: Placement of the design completed successfully

I2076: Total run-time: 6.4 sec.

